[2015-07-15 22:53:26.826] [WARN] dateFileLog - GET /public/index.html
[2015-07-15 22:53:27.041] [WARN] dateFileLog - GET /public/js/lib/jquery-1.11.0.js
[2015-07-15 22:53:27.051] [WARN] dateFileLog - GET /public/js/lib/easydialog.js
[2015-07-15 22:53:27.054] [WARN] dateFileLog - GET /public/js/lib/adapter.js
[2015-07-15 22:53:27.058] [WARN] dateFileLog - GET /public/js/lib/event-proxy.js
[2015-07-15 22:53:27.061] [WARN] dateFileLog - GET /public/js/main.js
[2015-07-15 22:53:27.065] [WARN] dateFileLog - GET /public/js/ui.js
[2015-07-15 22:53:27.071] [WARN] dateFileLog - GET /public/js/chat.js
[2015-07-15 22:53:27.079] [WARN] dateFileLog - GET /public/js/register.js
[2015-07-15 22:53:27.086] [WARN] dateFileLog - GET /public/images/dandan.css
[2015-07-15 22:53:27.093] [WARN] dateFileLog - GET /public/css/lanrenzhijia.css
[2015-07-15 22:53:27.098] [WARN] dateFileLog - GET /public/css/easydialog.css
[2015-07-15 22:53:27.236] [WARN] dateFileLog - GET /public/images/bgSelf.gif
[2015-07-15 22:53:27.242] [WARN] dateFileLog - GET /public/images/left_top.gif
[2015-07-15 22:53:27.249] [WARN] dateFileLog - GET /public/images/left_mid.gif
[2015-07-15 22:53:27.254] [WARN] dateFileLog - GET /public/images/fold.png
[2015-07-15 22:53:27.261] [WARN] dateFileLog - GET /public/images/left_foot.gif
[2015-07-15 22:53:27.269] [WARN] dateFileLog - GET /public/images/right_top.gif
[2015-07-15 22:53:27.301] [WARN] dateFileLog - GET /public/images/body_top.gif
[2015-07-15 22:53:27.304] [WARN] dateFileLog - GET /public/images/right_mid.gif
[2015-07-15 22:53:27.314] [INFO] dateFileLog - POST /v1/log_in
[2015-07-15 22:53:27.319] [WARN] dateFileLog - GET /public/images/body_foot.gif
[2015-07-15 22:53:27.321] [WARN] dateFileLog - GET /public/images/right_foot.gif
[2015-07-15 22:53:32.364] [INFO] dateFileLog - POST /v1/sync_status
[2015-07-15 22:53:32.381] [INFO] dateFileLog - POST /v1/log_in
[2015-07-15 22:53:33.028] [WARN] dateFileLog - GET /public/images/unfold.png
[2015-07-15 22:53:33.032] [WARN] dateFileLog - GET /public/images/idle.jpg
[2015-07-15 22:53:37.358] [INFO] dateFileLog - POST /v1/sync_status
[2015-07-15 22:53:37.402] [INFO] dateFileLog - POST /v1/sync_status
[2015-07-15 22:53:41.665] [WARN] dateFileLog - GET /
[2015-07-15 22:53:41.679] [WARN] dateFileLog - 啊-client: close
[2015-07-15 22:53:41.681] [WARN] dateFileLog - undefined-client: close
[2015-07-15 22:53:41.852] [WARN] dateFileLog - GET /js/lib/jquery-1.11.0.js
[2015-07-15 22:53:41.865] [WARN] dateFileLog - GET /js/lib/adapter.js
[2015-07-15 22:53:41.870] [WARN] dateFileLog - GET /js/lib/easydialog.js
[2015-07-15 22:53:41.875] [WARN] dateFileLog - GET /js/lib/event-proxy.js
[2015-07-15 22:53:41.882] [WARN] dateFileLog - GET /js/main.js
[2015-07-15 22:53:41.884] [WARN] dateFileLog - GET /js/ui.js
[2015-07-15 22:53:41.890] [WARN] dateFileLog - GET /js/chat.js
[2015-07-15 22:53:41.896] [WARN] dateFileLog - GET /js/register.js
[2015-07-15 22:53:41.902] [WARN] dateFileLog - GET /images/dandan.css
[2015-07-15 22:53:41.907] [WARN] dateFileLog - GET /css/lanrenzhijia.css
[2015-07-15 22:53:41.910] [WARN] dateFileLog - GET /css/easydialog.css
[2015-07-15 22:53:42.043] [WARN] dateFileLog - GET /images/bgSelf.gif
[2015-07-15 22:53:42.049] [WARN] dateFileLog - GET /images/left_top.gif
[2015-07-15 22:53:42.053] [WARN] dateFileLog - GET /images/left_mid.gif
[2015-07-15 22:53:42.057] [WARN] dateFileLog - GET /images/fold.png
[2015-07-15 22:53:42.062] [WARN] dateFileLog - GET /images/left_foot.gif
[2015-07-15 22:53:42.067] [WARN] dateFileLog - GET /images/right_top.gif
[2015-07-15 22:53:42.085] [INFO] dateFileLog - POST /v1/log_in
[2015-07-15 22:53:42.105] [WARN] dateFileLog - GET /images/body_top.gif
[2015-07-15 22:53:42.110] [WARN] dateFileLog - GET /images/right_mid.gif
[2015-07-15 22:53:42.115] [WARN] dateFileLog - GET /images/body_foot.gif
[2015-07-15 22:53:42.120] [WARN] dateFileLog - GET /images/right_foot.gif
[2015-07-15 22:53:47.118] [INFO] dateFileLog - POST /v1/sync_status
[2015-07-15 22:53:52.117] [INFO] dateFileLog - POST /v1/sync_status
[2015-07-15 22:53:57.118] [INFO] dateFileLog - POST /v1/sync_status
[2015-07-15 22:54:02.625] [INFO] dateFileLog - POST /v1/sync_status
[2015-07-15 22:54:07.623] [INFO] dateFileLog - POST /v1/sync_status
[2015-07-15 22:54:12.622] [INFO] dateFileLog - POST /v1/sync_status
[2015-07-15 22:54:17.625] [INFO] dateFileLog - POST /v1/sync_status
[2015-07-15 22:54:22.623] [INFO] dateFileLog - POST /v1/sync_status
[2015-07-15 22:54:27.622] [INFO] dateFileLog - POST /v1/sync_status
[2015-07-15 22:54:32.625] [INFO] dateFileLog - POST /v1/sync_status
[2015-07-15 22:54:37.621] [INFO] dateFileLog - POST /v1/sync_status
[2015-07-15 22:54:42.637] [INFO] dateFileLog - POST /v1/sync_status
[2015-07-15 22:54:47.657] [INFO] dateFileLog - POST /v1/sync_status
[2015-07-15 22:54:47.687] [INFO] dateFileLog - POST /v1/log_in
[2015-07-15 22:54:49.270] [INFO] dateFileLog - GET /
[2015-07-15 22:54:49.290] [WARN] dateFileLog - undefined-client: close
[2015-07-15 22:54:49.941] [INFO] dateFileLog - GET /stylesheets/style.css
[2015-07-15 22:54:57.918] [WARN] dateFileLog - GET /public/demo.html
[2015-07-15 22:54:58.231] [WARN] dateFileLog - GET /public/js/lib/jquery-1.11.0.js
[2015-07-15 22:54:58.236] [WARN] dateFileLog - GET /public/js/lib/adapter.js
[2015-07-15 22:54:58.246] [WARN] dateFileLog - GET /public/js/lib/easydialog.js
[2015-07-15 22:54:58.249] [WARN] dateFileLog - GET /public/js/lib/event-proxy.js
[2015-07-15 22:54:58.253] [WARN] dateFileLog - GET /public/js/main.js
[2015-07-15 22:54:58.259] [WARN] dateFileLog - GET /public/js/ui.js
[2015-07-15 22:54:58.284] [WARN] dateFileLog - GET /public/images/dandan.css
[2015-07-15 22:54:58.286] [WARN] dateFileLog - GET /public/css/lanrenzhijia.css
[2015-07-15 22:54:58.289] [WARN] dateFileLog - GET /public/css/easydialog.css
[2015-07-15 22:54:58.294] [WARN] dateFileLog - GET /public/js/chat.js
[2015-07-15 22:54:58.303] [WARN] dateFileLog - GET /public/js/register.js
[2015-07-15 22:54:58.392] [INFO] dateFileLog - POST /v1/log_in
[2015-07-15 22:55:03.436] [INFO] dateFileLog - POST /v1/sync_status
[2015-07-15 22:55:03.452] [INFO] dateFileLog - POST /v1/log_in
[2015-07-15 22:55:08.429] [INFO] dateFileLog - POST /v1/sync_status
[2015-07-15 22:55:08.475] [INFO] dateFileLog - POST /v1/sync_status
[2015-07-15 22:55:13.444] [INFO] dateFileLog - POST /v1/sync_status
[2015-07-15 22:55:13.488] [INFO] dateFileLog - POST /v1/sync_status
[2015-07-15 22:55:18.445] [INFO] dateFileLog - POST /v1/sync_status
[2015-07-15 22:55:18.498] [INFO] dateFileLog - POST /v1/sync_status
[2015-07-15 22:55:23.448] [INFO] dateFileLog - POST /v1/sync_status
[2015-07-15 22:55:23.489] [INFO] dateFileLog - POST /v1/sync_status
[2015-07-15 22:55:28.473] [INFO] dateFileLog - POST /v1/sync_status
[2015-07-15 22:55:28.493] [INFO] dateFileLog - POST /v1/sync_status
[2015-07-15 22:55:33.487] [INFO] dateFileLog - POST /v1/sync_status
[2015-07-15 22:55:33.503] [INFO] dateFileLog - POST /v1/sync_status
[2015-07-15 22:55:33.508] [INFO] dateFileLog - POST /v1/log_in
[2015-07-15 22:55:33.531] [INFO] dateFileLog - POST /v1/log_in
[2015-07-15 22:55:35.484] [INFO] dateFileLog - GET /public/demo.html
[2015-07-15 22:55:35.511] [WARN] dateFileLog - 啊-client: close
[2015-07-15 22:55:40.049] [WARN] dateFileLog - GET /public/demo.html
[2015-07-15 22:55:40.822] [WARN] dateFileLog - GET /public/demo.html
[2015-07-15 22:56:04.724] [INFO] dateFileLog - GET /chat/
[2015-07-15 22:56:05.233] [INFO] dateFileLog - GET /chat/js/lib/adapter.js
[2015-07-15 22:56:05.234] [INFO] dateFileLog - GET /chat/js/lib/easydialog.js
[2015-07-15 22:56:05.234] [INFO] dateFileLog - GET /chat/js/lib/event-proxy.js
[2015-07-15 22:56:05.235] [INFO] dateFileLog - GET /chat/js/main.js
[2015-07-15 22:56:05.237] [INFO] dateFileLog - GET /chat/js/ui.js
[2015-07-15 22:56:05.240] [INFO] dateFileLog - GET /chat/js/lib/jquery-1.11.0.js
[2015-07-15 22:56:05.259] [INFO] dateFileLog - GET /chat/css/lanrenzhijia.css
[2015-07-15 22:56:05.260] [INFO] dateFileLog - GET /chat/js/chat.js
[2015-07-15 22:56:05.261] [INFO] dateFileLog - GET /chat/js/register.js
[2015-07-15 22:56:05.261] [INFO] dateFileLog - GET /chat/images/dandan.css
[2015-07-15 22:56:05.262] [INFO] dateFileLog - GET /chat/css/easydialog.css
[2015-07-15 22:56:05.514] [INFO] dateFileLog - GET /chat/images/bgSelf.gif
[2015-07-15 22:56:05.526] [INFO] dateFileLog - GET /chat/images/left_top.gif
[2015-07-15 22:56:05.544] [INFO] dateFileLog - GET /chat/images/left_mid.gif
[2015-07-15 22:56:05.545] [INFO] dateFileLog - GET /chat/images/fold.png
[2015-07-15 22:56:05.547] [INFO] dateFileLog - GET /chat/images/left_foot.gif
[2015-07-15 22:56:05.555] [INFO] dateFileLog - POST /v1/log_in
[2015-07-15 22:56:05.561] [INFO] dateFileLog - GET /chat/images/right_top.gif
[2015-07-15 22:56:05.694] [INFO] dateFileLog - GET /chat/images/body_top.gif
[2015-07-15 22:56:05.698] [INFO] dateFileLog - GET /chat/images/right_mid.gif
[2015-07-15 22:56:05.703] [INFO] dateFileLog - GET /chat/images/body_foot.gif
[2015-07-15 22:56:05.706] [INFO] dateFileLog - GET /chat/images/right_foot.gif
[2015-07-15 22:56:10.582] [INFO] dateFileLog - POST /v1/sync_status
[2015-07-15 22:56:10.598] [INFO] dateFileLog - POST /v1/log_in
[2015-07-15 22:56:11.581] [INFO] dateFileLog - GET /chat/images/unfold.png
[2015-07-15 22:56:11.585] [INFO] dateFileLog - GET /chat/images/idle.jpg
[2015-07-15 22:56:15.587] [INFO] dateFileLog - POST /v1/sync_status
[2015-07-15 22:56:15.629] [INFO] dateFileLog - POST /v1/sync_status
[2015-07-15 22:56:20.588] [INFO] dateFileLog - POST /v1/sync_status
[2015-07-15 22:56:20.629] [INFO] dateFileLog - POST /v1/sync_status
[2015-07-15 22:56:23.450] [WARN] dateFileLog - GET /chat/
[2015-07-15 22:56:23.655] [WARN] dateFileLog - GET /chat/js/lib/jquery-1.11.0.js
[2015-07-15 22:56:23.661] [WARN] dateFileLog - GET /chat/js/lib/adapter.js
[2015-07-15 22:56:23.666] [WARN] dateFileLog - GET /chat/js/lib/easydialog.js
[2015-07-15 22:56:23.672] [WARN] dateFileLog - GET /chat/js/lib/event-proxy.js
[2015-07-15 22:56:23.677] [WARN] dateFileLog - GET /chat/js/main.js
[2015-07-15 22:56:23.683] [WARN] dateFileLog - GET /chat/js/ui.js
[2015-07-15 22:56:23.686] [WARN] dateFileLog - GET /chat/js/chat.js
[2015-07-15 22:56:23.691] [WARN] dateFileLog - GET /chat/js/register.js
[2015-07-15 22:56:23.694] [WARN] dateFileLog - GET /chat/images/dandan.css
[2015-07-15 22:56:23.699] [WARN] dateFileLog - GET /chat/css/lanrenzhijia.css
[2015-07-15 22:56:23.702] [WARN] dateFileLog - GET /chat/css/easydialog.css
[2015-07-15 22:56:23.843] [WARN] dateFileLog - GET /chat/images/bgSelf.gif
[2015-07-15 22:56:23.851] [WARN] dateFileLog - GET /chat/images/left_top.gif
[2015-07-15 22:56:23.858] [WARN] dateFileLog - GET /chat/images/left_mid.gif
[2015-07-15 22:56:23.865] [WARN] dateFileLog - GET /chat/images/fold.png
[2015-07-15 22:56:23.869] [WARN] dateFileLog - GET /chat/images/left_foot.gif
[2015-07-15 22:56:23.872] [WARN] dateFileLog - GET /chat/images/right_top.gif
[2015-07-15 22:56:23.898] [INFO] dateFileLog - POST /v1/log_in
[2015-07-15 22:56:23.910] [WARN] dateFileLog - GET /chat/images/body_top.gif
[2015-07-15 22:56:23.923] [WARN] dateFileLog - GET /chat/images/right_mid.gif
[2015-07-15 22:56:23.925] [WARN] dateFileLog - GET /chat/images/body_foot.gif
[2015-07-15 22:56:23.933] [WARN] dateFileLog - GET /chat/images/right_foot.gif
[2015-07-15 22:56:25.619] [INFO] dateFileLog - POST /v1/sync_status
[2015-07-15 22:56:26.622] [INFO] dateFileLog - POST /v1/sync_status
[2015-07-15 22:56:28.950] [INFO] dateFileLog - POST /v1/sync_status
[2015-07-15 22:56:30.623] [INFO] dateFileLog - POST /v1/sync_status
[2015-07-15 22:56:31.759] [WARN] dateFileLog - GET /chat/images/unfold.png
[2015-07-15 22:56:31.775] [WARN] dateFileLog - GET /chat/images/idle.jpg
[2015-07-15 22:56:32.623] [INFO] dateFileLog - POST /v1/sync_status
[2015-07-15 22:56:33.964] [INFO] dateFileLog - POST /v1/sync_status
[2015-07-15 22:56:33.986] [INFO] dateFileLog - POST /v1/log_in
[2015-07-15 22:56:36.615] [INFO] dateFileLog - POST /v1/sync_status
[2015-07-15 22:56:37.475] [INFO] dateFileLog - POST /v1/call
[2015-07-15 22:56:38.626] [INFO] dateFileLog - POST /v1/sync_status
[2015-07-15 22:56:38.971] [INFO] dateFileLog - POST /v1/sync_status
[2015-07-15 22:56:39.021] [INFO] dateFileLog - GET /chat/images/busy.jpg
[2015-07-15 22:56:39.023] [INFO] dateFileLog - POST /v1/sync_status
[2015-07-15 22:56:41.343] [WARN] dateFileLog - GET /chat/images/busy.jpg
[2015-07-15 22:56:41.627] [INFO] dateFileLog - POST /v1/sync_status
[2015-07-15 22:56:43.638] [INFO] dateFileLog - POST /v1/reply
[2015-07-15 22:56:43.646] [INFO] dateFileLog - POST /v1/sync_status
[2015-07-15 22:56:43.896] [INFO] dateFileLog - POST /v1/busy
[2015-07-15 22:56:43.948] [INFO] dateFileLog - POST /v1/busy
[2015-07-15 22:56:43.962] [INFO] dateFileLog - GET /chat/images/user_title_click.gif
[2015-07-15 22:56:43.978] [WARN] dateFileLog - GET /chat/images/user_title_click.gif
[2015-07-15 22:56:44.637] [INFO] dateFileLog - POST /v1/sync_status
[2015-07-15 22:56:44.648] [INFO] dateFileLog - POST /v1/sync_status
[2015-07-15 22:56:46.629] [INFO] dateFileLog - POST /v1/sync_status
[2015-07-15 22:56:48.631] [INFO] dateFileLog - POST /v1/sync_status
[2015-07-15 22:56:48.959] [WARN] dateFileLog - 啊-client: close
[2015-07-15 22:56:49.629] [INFO] dateFileLog - POST /v1/sync_status
[2015-07-15 22:56:49.637] [INFO] dateFileLog - POST /v1/sync_status
[2015-07-15 22:56:54.634] [INFO] dateFileLog - POST /v1/sync_status
[2015-07-15 22:56:54.646] [INFO] dateFileLog - POST /v1/sync_status
[2015-07-15 22:56:56.280] [WARN] dateFileLog - GET /chat/images/dandan.css
[2015-07-15 22:56:56.292] [WARN] dateFileLog - GET /chat/css/lanrenzhijia.css
[2015-07-15 22:56:56.303] [WARN] dateFileLog - GET /chat/css/easydialog.css
[2015-07-15 22:56:59.632] [INFO] dateFileLog - POST /v1/sync_status
[2015-07-15 22:56:59.639] [INFO] dateFileLog - POST /v1/sync_status
[2015-07-15 22:57:04.634] [INFO] dateFileLog - POST /v1/sync_status
[2015-07-15 22:57:04.637] [INFO] dateFileLog - POST /v1/sync_status
[2015-07-15 22:57:09.409] [INFO] dateFileLog - POST /v1/end_up
[2015-07-15 22:57:09.636] [INFO] dateFileLog - POST /v1/sync_status
[2015-07-15 22:57:09.640] [INFO] dateFileLog - POST /v1/sync_status
[2015-07-15 22:57:14.633] [INFO] dateFileLog - POST /v1/sync_status
[2015-07-15 22:57:14.649] [INFO] dateFileLog - POST /v1/sync_status
[2015-07-15 22:57:15.462] [WARN] dateFileLog - 呵呵-client: close
[2015-07-15 23:00:50.102] [WARN] dateFileLog - GET /public/demo.html
[2015-07-15 23:00:58.842] [WARN] dateFileLog - GET /chat
[2015-07-15 23:00:58.881] [WARN] dateFileLog - GET /chat/
[2015-07-15 23:00:59.059] [WARN] dateFileLog - GET /chat/js/lib/jquery-1.11.0.js
[2015-07-15 23:00:59.068] [WARN] dateFileLog - GET /chat/js/lib/adapter.js
[2015-07-15 23:00:59.073] [WARN] dateFileLog - GET /chat/js/lib/easydialog.js
[2015-07-15 23:00:59.078] [WARN] dateFileLog - GET /chat/js/lib/event-proxy.js
[2015-07-15 23:00:59.083] [WARN] dateFileLog - GET /chat/js/main.js
[2015-07-15 23:00:59.090] [WARN] dateFileLog - GET /chat/js/ui.js
[2015-07-15 23:00:59.098] [WARN] dateFileLog - GET /chat/js/chat.js
[2015-07-15 23:00:59.107] [WARN] dateFileLog - GET /chat/js/register.js
[2015-07-15 23:00:59.112] [WARN] dateFileLog - GET /chat/images/dandan.css
[2015-07-15 23:00:59.116] [WARN] dateFileLog - GET /chat/css/lanrenzhijia.css
[2015-07-15 23:00:59.119] [WARN] dateFileLog - GET /chat/css/easydialog.css
[2015-07-15 23:00:59.272] [WARN] dateFileLog - GET /chat/images/bgSelf.gif
[2015-07-15 23:00:59.278] [WARN] dateFileLog - GET /chat/images/left_top.gif
[2015-07-15 23:00:59.283] [WARN] dateFileLog - GET /chat/images/left_mid.gif
[2015-07-15 23:00:59.288] [WARN] dateFileLog - GET /chat/images/fold.png
[2015-07-15 23:00:59.301] [WARN] dateFileLog - GET /chat/images/left_foot.gif
[2015-07-15 23:00:59.304] [WARN] dateFileLog - GET /chat/images/right_top.gif
[2015-07-15 23:00:59.325] [WARN] dateFileLog - GET /chat/images/body_top.gif
[2015-07-15 23:00:59.332] [WARN] dateFileLog - GET /chat/images/right_mid.gif
[2015-07-15 23:00:59.335] [WARN] dateFileLog - GET /chat/images/body_foot.gif
[2015-07-15 23:00:59.339] [WARN] dateFileLog - GET /chat/images/right_foot.gif
[2015-07-15 23:00:59.348] [INFO] dateFileLog - POST /v1/log_in
[2015-07-15 23:01:04.389] [INFO] dateFileLog - POST /v1/sync_status
[2015-07-15 23:01:04.415] [INFO] dateFileLog - POST /v1/log_in
[2015-07-15 23:01:05.200] [WARN] dateFileLog - GET /chat/images/unfold.png
[2015-07-15 23:01:05.200] [WARN] dateFileLog - GET /chat/images/idle.jpg
[2015-07-15 23:01:09.630] [INFO] dateFileLog - POST /v1/sync_status
[2015-07-15 23:01:09.633] [INFO] dateFileLog - POST /v1/sync_status
[2015-07-15 23:01:10.116] [WARN] dateFileLog - GET /chat/
[2015-07-15 23:01:10.332] [WARN] dateFileLog - GET /chat/js/lib/jquery-1.11.0.js
[2015-07-15 23:01:10.338] [WARN] dateFileLog - GET /chat/js/lib/adapter.js
[2015-07-15 23:01:10.345] [WARN] dateFileLog - GET /chat/js/lib/easydialog.js
[2015-07-15 23:01:10.350] [WARN] dateFileLog - GET /chat/js/lib/event-proxy.js
[2015-07-15 23:01:10.355] [WARN] dateFileLog - GET /chat/js/main.js
[2015-07-15 23:01:10.360] [WARN] dateFileLog - GET /chat/js/ui.js
[2015-07-15 23:01:10.367] [WARN] dateFileLog - GET /chat/js/chat.js
[2015-07-15 23:01:10.371] [WARN] dateFileLog - GET /chat/js/register.js
[2015-07-15 23:01:10.374] [WARN] dateFileLog - GET /chat/images/dandan.css
[2015-07-15 23:01:10.379] [WARN] dateFileLog - GET /chat/css/lanrenzhijia.css
[2015-07-15 23:01:10.382] [WARN] dateFileLog - GET /chat/css/easydialog.css
[2015-07-15 23:01:10.516] [WARN] dateFileLog - GET /chat/images/bgSelf.gif
[2015-07-15 23:01:10.523] [WARN] dateFileLog - GET /chat/images/left_top.gif
[2015-07-15 23:01:10.528] [WARN] dateFileLog - GET /chat/images/left_mid.gif
[2015-07-15 23:01:10.544] [WARN] dateFileLog - GET /chat/images/fold.png
[2015-07-15 23:01:10.554] [WARN] dateFileLog - GET /chat/images/left_foot.gif
[2015-07-15 23:01:10.556] [WARN] dateFileLog - GET /chat/images/right_top.gif
[2015-07-15 23:01:10.589] [INFO] dateFileLog - POST /v1/log_in
[2015-07-15 23:01:10.595] [WARN] dateFileLog - GET /chat/images/body_top.gif
[2015-07-15 23:01:10.603] [WARN] dateFileLog - GET /chat/images/right_mid.gif
[2015-07-15 23:01:10.620] [WARN] dateFileLog - GET /chat/images/body_foot.gif
[2015-07-15 23:01:10.626] [WARN] dateFileLog - GET /chat/images/right_foot.gif
[2015-07-15 23:01:14.625] [INFO] dateFileLog - POST /v1/sync_status
[2015-07-15 23:01:14.625] [INFO] dateFileLog - POST /v1/sync_status
[2015-07-15 23:01:15.656] [INFO] dateFileLog - POST /v1/sync_status
[2015-07-15 23:01:15.671] [INFO] dateFileLog - POST /v1/log_in
[2015-07-15 23:01:16.336] [WARN] dateFileLog - GET /chat/images/unfold.png
[2015-07-15 23:01:16.336] [WARN] dateFileLog - GET /chat/images/idle.jpg
[2015-07-15 23:01:20.632] [INFO] dateFileLog - POST /v1/sync_status
[2015-07-15 23:01:20.647] [INFO] dateFileLog - POST /v1/sync_status
[2015-07-15 23:01:20.663] [INFO] dateFileLog - POST /v1/sync_status
[2015-07-15 23:01:20.706] [INFO] dateFileLog - POST /v1/sync_status
[2015-07-15 23:01:54.424] [INFO] dateFileLog - POST /v1/sync_status
[2015-07-15 23:01:54.445] [INFO] dateFileLog - POST /v1/log_in
[2015-07-15 23:01:55.587] [INFO] dateFileLog - GET /chat/
[2015-07-15 23:01:55.683] [INFO] dateFileLog - GET /chat/js/lib/jquery-1.11.0.js
[2015-07-15 23:01:55.736] [INFO] dateFileLog - GET /chat/js/lib/adapter.js
[2015-07-15 23:01:55.854] [INFO] dateFileLog - GET /chat/js/lib/easydialog.js
[2015-07-15 23:01:55.887] [INFO] dateFileLog - GET /chat/js/lib/event-proxy.js
[2015-07-15 23:01:55.923] [INFO] dateFileLog - GET /chat/js/main.js
[2015-07-15 23:01:55.941] [INFO] dateFileLog - GET /chat/js/ui.js
[2015-07-15 23:01:55.974] [INFO] dateFileLog - GET /chat/js/chat.js
[2015-07-15 23:01:55.997] [INFO] dateFileLog - GET /chat/js/register.js
[2015-07-15 23:01:56.020] [INFO] dateFileLog - GET /chat/images/dandan.css
[2015-07-15 23:01:56.039] [INFO] dateFileLog - GET /chat/css/lanrenzhijia.css
[2015-07-15 23:01:56.069] [INFO] dateFileLog - GET /chat/css/easydialog.css
[2015-07-15 23:01:56.281] [INFO] dateFileLog - GET /chat/images/bgSelf.gif
[2015-07-15 23:01:56.296] [INFO] dateFileLog - GET /chat/images/left_top.gif
[2015-07-15 23:01:56.314] [INFO] dateFileLog - GET /chat/images/left_mid.gif
[2015-07-15 23:01:56.336] [INFO] dateFileLog - GET /chat/images/fold.png
[2015-07-15 23:01:56.351] [INFO] dateFileLog - GET /chat/images/left_foot.gif
[2015-07-15 23:01:56.380] [INFO] dateFileLog - GET /chat/images/right_top.gif
[2015-07-15 23:01:56.403] [INFO] dateFileLog - GET /chat/images/right_mid.gif
[2015-07-15 23:01:56.418] [INFO] dateFileLog - GET /chat/images/right_foot.gif
[2015-07-15 23:01:56.438] [INFO] dateFileLog - GET /chat/images/body_top.gif
[2015-07-15 23:01:56.462] [INFO] dateFileLog - GET /chat/images/body_foot.gif
[2015-07-15 23:01:56.636] [INFO] dateFileLog - POST /v1/sync_status
[2015-07-15 23:01:56.653] [INFO] dateFileLog - POST /v1/sync_status
[2015-07-15 23:01:56.672] [INFO] dateFileLog - POST /v1/log_in
[2015-07-15 23:01:56.691] [INFO] dateFileLog - POST /v1/log_in
[2015-07-15 23:01:57.632] [INFO] dateFileLog - POST /v1/sync_status
[2015-07-15 23:01:57.635] [INFO] dateFileLog - POST /v1/sync_status
[2015-07-15 23:01:59.629] [INFO] dateFileLog - POST /v1/sync_status
[2015-07-15 23:02:01.630] [INFO] dateFileLog - POST /v1/sync_status
[2015-07-15 23:02:01.634] [INFO] dateFileLog - POST /v1/sync_status
[2015-07-15 23:02:02.632] [INFO] dateFileLog - POST /v1/sync_status
[2015-07-15 23:02:02.636] [INFO] dateFileLog - POST /v1/sync_status
[2015-07-15 23:02:02.650] [INFO] dateFileLog - POST /v1/sync_status
[2015-07-15 23:02:02.659] [INFO] dateFileLog - POST /v1/sync_status
[2015-07-15 23:02:04.629] [INFO] dateFileLog - POST /v1/sync_status
[2015-07-15 23:02:06.644] [INFO] dateFileLog - POST /v1/sync_status
[2015-07-15 23:02:06.649] [INFO] dateFileLog - POST /v1/sync_status
[2015-07-15 23:02:07.630] [INFO] dateFileLog - POST /v1/sync_status
[2015-07-15 23:02:07.635] [INFO] dateFileLog - POST /v1/sync_status
[2015-07-15 23:02:07.645] [INFO] dateFileLog - POST /v1/sync_status
[2015-07-15 23:02:07.651] [INFO] dateFileLog - POST /v1/sync_status
[2015-07-15 23:02:09.631] [INFO] dateFileLog - POST /v1/sync_status
[2015-07-15 23:02:11.644] [INFO] dateFileLog - POST /v1/sync_status
[2015-07-15 23:02:11.645] [INFO] dateFileLog - POST /v1/sync_status
[2015-07-15 23:02:12.630] [INFO] dateFileLog - POST /v1/sync_status
[2015-07-15 23:02:12.635] [INFO] dateFileLog - POST /v1/sync_status
[2015-07-15 23:02:12.659] [INFO] dateFileLog - POST /v1/sync_status
[2015-07-15 23:02:12.662] [INFO] dateFileLog - POST /v1/sync_status
[2015-07-15 23:02:14.634] [INFO] dateFileLog - POST /v1/sync_status
[2015-07-15 23:02:16.640] [INFO] dateFileLog - POST /v1/sync_status
[2015-07-15 23:02:16.646] [INFO] dateFileLog - POST /v1/sync_status
[2015-07-15 23:02:17.635] [INFO] dateFileLog - POST /v1/sync_status
[2015-07-15 23:02:17.639] [INFO] dateFileLog - POST /v1/sync_status
[2015-07-15 23:02:17.655] [INFO] dateFileLog - POST /v1/sync_status
[2015-07-15 23:02:17.663] [INFO] dateFileLog - POST /v1/sync_status
[2015-07-15 23:02:20.629] [INFO] dateFileLog - POST /v1/sync_status
[2015-07-15 23:02:21.630] [INFO] dateFileLog - POST /v1/sync_status
[2015-07-15 23:02:21.633] [INFO] dateFileLog - POST /v1/sync_status
[2015-07-15 23:02:22.631] [INFO] dateFileLog - POST /v1/sync_status
[2015-07-15 23:02:22.635] [INFO] dateFileLog - POST /v1/sync_status
[2015-07-15 23:02:22.646] [INFO] dateFileLog - POST /v1/sync_status
[2015-07-15 23:02:22.650] [INFO] dateFileLog - POST /v1/sync_status
[2015-07-15 23:02:25.628] [INFO] dateFileLog - POST /v1/sync_status
[2015-07-15 23:02:26.631] [INFO] dateFileLog - POST /v1/sync_status
[2015-07-15 23:02:26.634] [INFO] dateFileLog - POST /v1/sync_status
[2015-07-15 23:02:27.631] [INFO] dateFileLog - POST /v1/sync_status
[2015-07-15 23:02:27.635] [INFO] dateFileLog - POST /v1/sync_status
[2015-07-15 23:02:27.647] [INFO] dateFileLog - POST /v1/sync_status
[2015-07-15 23:02:27.650] [INFO] dateFileLog - POST /v1/sync_status
[2015-07-15 23:02:30.631] [INFO] dateFileLog - POST /v1/sync_status
[2015-07-15 23:02:31.630] [INFO] dateFileLog - POST /v1/sync_status
[2015-07-15 23:02:31.633] [INFO] dateFileLog - POST /v1/sync_status
[2015-07-15 23:02:32.635] [INFO] dateFileLog - POST /v1/sync_status
[2015-07-15 23:02:32.644] [INFO] dateFileLog - POST /v1/sync_status
[2015-07-15 23:02:32.648] [INFO] dateFileLog - POST /v1/sync_status
[2015-07-15 23:02:32.660] [INFO] dateFileLog - POST /v1/sync_status
[2015-07-15 23:02:35.630] [INFO] dateFileLog - POST /v1/sync_status
[2015-07-15 23:02:36.630] [INFO] dateFileLog - POST /v1/sync_status
[2015-07-15 23:02:36.634] [INFO] dateFileLog - POST /v1/sync_status
[2015-07-15 23:02:37.630] [INFO] dateFileLog - POST /v1/sync_status
[2015-07-15 23:02:37.644] [INFO] dateFileLog - POST /v1/sync_status
[2015-07-15 23:02:37.654] [INFO] dateFileLog - POST /v1/sync_status
[2015-07-15 23:02:37.662] [INFO] dateFileLog - POST /v1/sync_status
[2015-07-15 23:02:40.629] [INFO] dateFileLog - POST /v1/sync_status
[2015-07-15 23:02:41.632] [INFO] dateFileLog - POST /v1/sync_status
[2015-07-15 23:02:41.642] [INFO] dateFileLog - POST /v1/sync_status
[2015-07-15 23:02:42.631] [INFO] dateFileLog - POST /v1/sync_status
[2015-07-15 23:02:42.637] [INFO] dateFileLog - POST /v1/sync_status
[2015-07-15 23:02:42.655] [INFO] dateFileLog - POST /v1/sync_status
[2015-07-15 23:02:42.661] [INFO] dateFileLog - POST /v1/sync_status
[2015-07-15 23:02:45.629] [INFO] dateFileLog - POST /v1/sync_status
[2015-07-15 23:02:46.630] [INFO] dateFileLog - POST /v1/sync_status
[2015-07-15 23:02:46.634] [INFO] dateFileLog - POST /v1/sync_status
[2015-07-15 23:02:47.630] [INFO] dateFileLog - POST /v1/sync_status
[2015-07-15 23:02:47.636] [INFO] dateFileLog - POST /v1/sync_status
[2015-07-15 23:02:47.655] [INFO] dateFileLog - POST /v1/sync_status
[2015-07-15 23:02:47.659] [INFO] dateFileLog - POST /v1/sync_status
[2015-07-15 23:02:50.630] [INFO] dateFileLog - POST /v1/sync_status
[2015-07-15 23:02:51.632] [INFO] dateFileLog - POST /v1/sync_status
[2015-07-15 23:02:51.636] [INFO] dateFileLog - POST /v1/sync_status
[2015-07-15 23:02:52.629] [INFO] dateFileLog - POST /v1/sync_status
[2015-07-15 23:02:52.638] [INFO] dateFileLog - POST /v1/sync_status
[2015-07-15 23:02:52.647] [INFO] dateFileLog - POST /v1/sync_status
[2015-07-15 23:02:52.656] [INFO] dateFileLog - POST /v1/sync_status
[2015-07-15 23:02:55.630] [INFO] dateFileLog - POST /v1/sync_status
[2015-07-15 23:02:56.631] [INFO] dateFileLog - POST /v1/sync_status
[2015-07-15 23:02:56.641] [INFO] dateFileLog - POST /v1/sync_status
[2015-07-15 23:02:57.633] [INFO] dateFileLog - POST /v1/sync_status
[2015-07-15 23:02:57.637] [INFO] dateFileLog - POST /v1/sync_status
[2015-07-15 23:02:57.645] [INFO] dateFileLog - POST /v1/sync_status
[2015-07-15 23:02:57.651] [INFO] dateFileLog - POST /v1/sync_status
[2015-07-15 23:03:00.632] [INFO] dateFileLog - POST /v1/sync_status
[2015-07-15 23:03:01.630] [INFO] dateFileLog - POST /v1/sync_status
[2015-07-15 23:03:01.634] [INFO] dateFileLog - POST /v1/sync_status
[2015-07-15 23:03:02.632] [INFO] dateFileLog - POST /v1/sync_status
[2015-07-15 23:03:02.637] [INFO] dateFileLog - POST /v1/sync_status
[2015-07-15 23:03:02.656] [INFO] dateFileLog - POST /v1/sync_status
[2015-07-15 23:03:02.664] [INFO] dateFileLog - POST /v1/sync_status
[2015-07-15 23:03:05.633] [INFO] dateFileLog - POST /v1/sync_status
[2015-07-15 23:03:06.633] [INFO] dateFileLog - POST /v1/sync_status
[2015-07-15 23:03:06.640] [INFO] dateFileLog - POST /v1/sync_status
[2015-07-15 23:03:07.636] [INFO] dateFileLog - POST /v1/sync_status
[2015-07-15 23:03:07.640] [INFO] dateFileLog - POST /v1/sync_status
[2015-07-15 23:03:07.655] [INFO] dateFileLog - POST /v1/sync_status
[2015-07-15 23:03:07.658] [INFO] dateFileLog - POST /v1/sync_status
[2015-07-15 23:03:10.634] [INFO] dateFileLog - POST /v1/sync_status
[2015-07-15 23:03:11.632] [INFO] dateFileLog - POST /v1/sync_status
[2015-07-15 23:03:11.642] [INFO] dateFileLog - POST /v1/sync_status
[2015-07-15 23:03:12.639] [INFO] dateFileLog - POST /v1/sync_status
[2015-07-15 23:03:12.644] [INFO] dateFileLog - POST /v1/sync_status
[2015-07-15 23:03:12.657] [INFO] dateFileLog - POST /v1/sync_status
[2015-07-15 23:03:12.662] [INFO] dateFileLog - POST /v1/sync_status
[2015-07-15 23:03:15.630] [INFO] dateFileLog - POST /v1/sync_status
[2015-07-15 23:03:16.631] [INFO] dateFileLog - POST /v1/sync_status
[2015-07-15 23:03:16.635] [INFO] dateFileLog - POST /v1/sync_status
[2015-07-15 23:03:17.631] [INFO] dateFileLog - POST /v1/sync_status
[2015-07-15 23:03:17.634] [INFO] dateFileLog - POST /v1/sync_status
[2015-07-15 23:03:18.634] [INFO] dateFileLog - POST /v1/sync_status
[2015-07-15 23:03:18.639] [INFO] dateFileLog - POST /v1/sync_status
[2015-07-15 23:03:20.631] [INFO] dateFileLog - POST /v1/sync_status
[2015-07-15 23:03:21.633] [INFO] dateFileLog - POST /v1/sync_status
[2015-07-15 23:03:21.638] [INFO] dateFileLog - POST /v1/sync_status
[2015-07-15 23:03:22.631] [INFO] dateFileLog - POST /v1/sync_status
[2015-07-15 23:03:22.635] [INFO] dateFileLog - POST /v1/sync_status
[2015-07-15 23:03:23.632] [INFO] dateFileLog - POST /v1/sync_status
[2015-07-15 23:03:23.635] [INFO] dateFileLog - POST /v1/sync_status
[2015-07-15 23:03:25.632] [INFO] dateFileLog - POST /v1/sync_status
[2015-07-15 23:03:26.632] [INFO] dateFileLog - POST /v1/sync_status
[2015-07-15 23:03:26.635] [INFO] dateFileLog - POST /v1/sync_status
[2015-07-15 23:03:27.633] [INFO] dateFileLog - POST /v1/sync_status
[2015-07-15 23:03:27.643] [INFO] dateFileLog - POST /v1/sync_status
[2015-07-15 23:03:28.633] [INFO] dateFileLog - POST /v1/sync_status
[2015-07-15 23:03:28.637] [INFO] dateFileLog - POST /v1/sync_status
[2015-07-15 23:03:30.632] [INFO] dateFileLog - POST /v1/sync_status
[2015-07-15 23:03:31.631] [INFO] dateFileLog - POST /v1/sync_status
[2015-07-15 23:03:31.634] [INFO] dateFileLog - POST /v1/sync_status
[2015-07-15 23:03:32.631] [INFO] dateFileLog - POST /v1/sync_status
[2015-07-15 23:03:32.635] [INFO] dateFileLog - POST /v1/sync_status
[2015-07-15 23:03:33.631] [INFO] dateFileLog - POST /v1/sync_status
[2015-07-15 23:03:33.635] [INFO] dateFileLog - POST /v1/sync_status
[2015-07-15 23:03:35.629] [INFO] dateFileLog - POST /v1/sync_status
[2015-07-15 23:03:36.631] [INFO] dateFileLog - POST /v1/sync_status
[2015-07-15 23:03:36.635] [INFO] dateFileLog - POST /v1/sync_status
[2015-07-15 23:03:37.632] [INFO] dateFileLog - POST /v1/sync_status
[2015-07-15 23:03:37.636] [INFO] dateFileLog - POST /v1/sync_status
[2015-07-15 23:03:38.633] [INFO] dateFileLog - POST /v1/sync_status
[2015-07-15 23:03:38.637] [INFO] dateFileLog - POST /v1/sync_status
[2015-07-15 23:03:40.633] [INFO] dateFileLog - POST /v1/sync_status
[2015-07-15 23:03:41.631] [INFO] dateFileLog - POST /v1/sync_status
[2015-07-15 23:03:41.635] [INFO] dateFileLog - POST /v1/sync_status
[2015-07-15 23:03:42.633] [INFO] dateFileLog - POST /v1/sync_status
[2015-07-15 23:03:42.637] [INFO] dateFileLog - POST /v1/sync_status
[2015-07-15 23:03:43.632] [INFO] dateFileLog - POST /v1/sync_status
[2015-07-15 23:03:43.635] [INFO] dateFileLog - POST /v1/sync_status
[2015-07-15 23:03:45.632] [INFO] dateFileLog - POST /v1/sync_status
[2015-07-15 23:03:46.633] [INFO] dateFileLog - POST /v1/sync_status
[2015-07-15 23:03:46.637] [INFO] dateFileLog - POST /v1/sync_status
[2015-07-15 23:03:47.631] [INFO] dateFileLog - POST /v1/sync_status
[2015-07-15 23:03:47.643] [INFO] dateFileLog - POST /v1/sync_status
[2015-07-15 23:03:48.632] [INFO] dateFileLog - POST /v1/sync_status
[2015-07-15 23:03:48.636] [INFO] dateFileLog - POST /v1/sync_status
[2015-07-15 23:03:50.632] [INFO] dateFileLog - POST /v1/sync_status
[2015-07-15 23:03:51.631] [INFO] dateFileLog - POST /v1/sync_status
[2015-07-15 23:03:51.634] [INFO] dateFileLog - POST /v1/sync_status
[2015-07-15 23:03:52.637] [INFO] dateFileLog - POST /v1/sync_status
[2015-07-15 23:03:52.643] [INFO] dateFileLog - POST /v1/sync_status
[2015-07-15 23:03:53.631] [INFO] dateFileLog - POST /v1/sync_status
[2015-07-15 23:03:53.635] [INFO] dateFileLog - POST /v1/sync_status
[2015-07-15 23:03:55.631] [INFO] dateFileLog - POST /v1/sync_status
[2015-07-15 23:03:56.633] [INFO] dateFileLog - POST /v1/sync_status
[2015-07-15 23:03:56.637] [INFO] dateFileLog - POST /v1/sync_status
[2015-07-15 23:03:57.632] [INFO] dateFileLog - POST /v1/sync_status
[2015-07-15 23:03:57.636] [INFO] dateFileLog - POST /v1/sync_status
[2015-07-15 23:03:58.633] [INFO] dateFileLog - POST /v1/sync_status
[2015-07-15 23:03:58.636] [INFO] dateFileLog - POST /v1/sync_status
[2015-07-15 23:04:00.631] [INFO] dateFileLog - POST /v1/sync_status
[2015-07-15 23:04:01.632] [INFO] dateFileLog - POST /v1/sync_status
[2015-07-15 23:04:01.637] [INFO] dateFileLog - POST /v1/sync_status
[2015-07-15 23:04:02.636] [INFO] dateFileLog - POST /v1/sync_status
[2015-07-15 23:04:02.642] [INFO] dateFileLog - POST /v1/sync_status
[2015-07-15 23:04:03.637] [INFO] dateFileLog - POST /v1/sync_status
[2015-07-15 23:04:03.642] [INFO] dateFileLog - POST /v1/sync_status
[2015-07-15 23:04:05.636] [INFO] dateFileLog - POST /v1/sync_status
[2015-07-15 23:04:06.635] [INFO] dateFileLog - POST /v1/sync_status
[2015-07-15 23:04:06.655] [INFO] dateFileLog - POST /v1/sync_status
[2015-07-15 23:04:07.632] [INFO] dateFileLog - POST /v1/sync_status
[2015-07-15 23:04:07.635] [INFO] dateFileLog - POST /v1/sync_status
[2015-07-15 23:04:08.632] [INFO] dateFileLog - POST /v1/sync_status
[2015-07-15 23:04:08.634] [INFO] dateFileLog - POST /v1/sync_status
[2015-07-15 23:04:10.635] [INFO] dateFileLog - POST /v1/sync_status
[2015-07-15 23:04:11.639] [INFO] dateFileLog - POST /v1/sync_status
[2015-07-15 23:04:11.654] [INFO] dateFileLog - POST /v1/sync_status
[2015-07-15 23:04:12.624] [INFO] dateFileLog - POST /v1/sync_status
[2015-07-15 23:04:12.624] [INFO] dateFileLog - POST /v1/sync_status
[2015-07-15 23:04:13.628] [INFO] dateFileLog - POST /v1/sync_status
[2015-07-15 23:04:13.644] [INFO] dateFileLog - POST /v1/sync_status
[2015-07-15 23:04:15.636] [INFO] dateFileLog - POST /v1/sync_status
[2015-07-15 23:04:16.643] [INFO] dateFileLog - POST /v1/sync_status
[2015-07-15 23:04:16.643] [INFO] dateFileLog - POST /v1/sync_status
[2015-07-15 23:04:17.636] [INFO] dateFileLog - POST /v1/sync_status
[2015-07-15 23:04:17.640] [INFO] dateFileLog - POST /v1/sync_status
[2015-07-15 23:04:20.041] [INFO] dateFileLog - POST /v1/sync_status
[2015-07-15 23:04:20.044] [INFO] dateFileLog - POST /v1/sync_status
[2015-07-15 23:04:21.782] [INFO] dateFileLog - POST /v1/sync_status
[2015-07-15 23:04:22.660] [INFO] dateFileLog - POST /v1/sync_status
[2015-07-15 23:04:22.667] [INFO] dateFileLog - POST /v1/sync_status
[2015-07-15 23:04:22.673] [INFO] dateFileLog - POST /v1/sync_status
[2015-07-15 23:04:22.677] [INFO] dateFileLog - POST /v1/sync_status
[2015-07-15 23:04:24.633] [INFO] dateFileLog - POST /v1/sync_status
[2015-07-15 23:04:24.638] [INFO] dateFileLog - POST /v1/sync_status
[2015-07-15 23:04:26.632] [INFO] dateFileLog - POST /v1/sync_status
[2015-07-15 23:04:27.631] [INFO] dateFileLog - POST /v1/sync_status
[2015-07-15 23:04:27.645] [INFO] dateFileLog - POST /v1/sync_status
[2015-07-15 23:04:27.651] [INFO] dateFileLog - POST /v1/sync_status
[2015-07-15 23:04:27.656] [INFO] dateFileLog - POST /v1/sync_status
[2015-07-15 23:04:29.632] [INFO] dateFileLog - POST /v1/sync_status
[2015-07-15 23:04:29.636] [INFO] dateFileLog - POST /v1/sync_status
[2015-07-15 23:04:31.632] [INFO] dateFileLog - POST /v1/sync_status
[2015-07-15 23:04:32.632] [INFO] dateFileLog - POST /v1/sync_status
[2015-07-15 23:04:32.645] [INFO] dateFileLog - POST /v1/sync_status
[2015-07-15 23:04:32.652] [INFO] dateFileLog - POST /v1/sync_status
[2015-07-15 23:04:32.654] [INFO] dateFileLog - POST /v1/sync_status
[2015-07-15 23:04:34.634] [INFO] dateFileLog - POST /v1/sync_status
[2015-07-15 23:04:34.638] [INFO] dateFileLog - POST /v1/sync_status
[2015-07-15 23:04:36.634] [INFO] dateFileLog - POST /v1/sync_status
[2015-07-15 23:04:37.637] [INFO] dateFileLog - POST /v1/sync_status
[2015-07-15 23:04:37.643] [INFO] dateFileLog - POST /v1/sync_status
[2015-07-15 23:04:37.646] [INFO] dateFileLog - POST /v1/sync_status
[2015-07-15 23:04:37.650] [INFO] dateFileLog - POST /v1/sync_status
[2015-07-15 23:04:39.632] [INFO] dateFileLog - POST /v1/sync_status
[2015-07-15 23:04:39.638] [INFO] dateFileLog - POST /v1/sync_status
[2015-07-15 23:04:41.634] [INFO] dateFileLog - POST /v1/sync_status
[2015-07-15 23:04:42.669] [INFO] dateFileLog - POST /v1/sync_status
[2015-07-15 23:04:42.680] [INFO] dateFileLog - POST /v1/sync_status
[2015-07-15 23:04:42.682] [INFO] dateFileLog - POST /v1/sync_status
[2015-07-15 23:04:42.689] [INFO] dateFileLog - POST /v1/sync_status
[2015-07-15 23:04:44.633] [INFO] dateFileLog - POST /v1/sync_status
[2015-07-15 23:04:44.639] [INFO] dateFileLog - POST /v1/sync_status
[2015-07-15 23:04:46.632] [INFO] dateFileLog - POST /v1/sync_status
[2015-07-15 23:04:47.501] [WARN] dateFileLog - GET /chat/
[2015-07-15 23:04:47.546] [WARN] dateFileLog - GET /chat/js/lib/jquery-1.11.0.js
[2015-07-15 23:04:47.580] [WARN] dateFileLog - GET /chat/js/lib/adapter.js
[2015-07-15 23:04:47.595] [WARN] dateFileLog - GET /chat/js/lib/easydialog.js
[2015-07-15 23:04:47.625] [WARN] dateFileLog - GET /chat/js/lib/event-proxy.js
[2015-07-15 23:04:47.645] [WARN] dateFileLog - GET /chat/js/main.js
[2015-07-15 23:04:47.652] [WARN] dateFileLog - GET /chat/js/ui.js
[2015-07-15 23:04:47.661] [WARN] dateFileLog - GET /chat/js/chat.js
[2015-07-15 23:04:47.694] [WARN] dateFileLog - GET /chat/js/register.js
[2015-07-15 23:04:47.727] [WARN] dateFileLog - GET /chat/images/dandan.css
[2015-07-15 23:04:47.776] [WARN] dateFileLog - GET /chat/css/lanrenzhijia.css
[2015-07-15 23:04:47.822] [WARN] dateFileLog - GET /chat/css/easydialog.css
[2015-07-15 23:04:48.069] [WARN] dateFileLog - GET /chat/images/bgSelf.gif
[2015-07-15 23:04:48.176] [WARN] dateFileLog - GET /chat/images/fold.png
[2015-07-15 23:04:48.177] [WARN] dateFileLog - GET /chat/images/left_foot.gif
[2015-07-15 23:04:48.178] [WARN] dateFileLog - GET /chat/images/left_top.gif
[2015-07-15 23:04:48.178] [WARN] dateFileLog - GET /chat/images/left_mid.gif
[2015-07-15 23:04:48.179] [WARN] dateFileLog - GET /chat/images/right_top.gif
[2015-07-15 23:04:48.210] [WARN] dateFileLog - GET /chat/images/right_mid.gif
[2015-07-15 23:04:48.266] [WARN] dateFileLog - GET /chat/images/right_foot.gif
[2015-07-15 23:04:48.267] [WARN] dateFileLog - GET /chat/images/body_top.gif
[2015-07-15 23:04:48.268] [WARN] dateFileLog - GET /chat/images/body_foot.gif
[2015-07-15 23:04:48.638] [INFO] dateFileLog - POST /v1/sync_status
[2015-07-15 23:04:48.652] [INFO] dateFileLog - POST /v1/sync_status
[2015-07-15 23:04:48.658] [INFO] dateFileLog - POST /v1/sync_status
[2015-07-15 23:04:48.662] [INFO] dateFileLog - POST /v1/sync_status
[2015-07-15 23:04:49.636] [INFO] dateFileLog - POST /v1/sync_status
[2015-07-15 23:04:49.640] [INFO] dateFileLog - POST /v1/sync_status
[2015-07-15 23:04:51.634] [INFO] dateFileLog - POST /v1/sync_status
[2015-07-15 23:04:53.639] [INFO] dateFileLog - POST /v1/sync_status
[2015-07-15 23:04:53.644] [INFO] dateFileLog - POST /v1/sync_status
[2015-07-15 23:04:53.649] [INFO] dateFileLog - POST /v1/sync_status
[2015-07-15 23:04:53.653] [INFO] dateFileLog - POST /v1/sync_status
[2015-07-15 23:04:54.635] [INFO] dateFileLog - POST /v1/sync_status
[2015-07-15 23:04:54.639] [INFO] dateFileLog - POST /v1/sync_status
[2015-07-15 23:04:56.632] [INFO] dateFileLog - POST /v1/sync_status
[2015-07-15 23:04:58.641] [INFO] dateFileLog - POST /v1/sync_status
[2015-07-15 23:04:58.647] [INFO] dateFileLog - POST /v1/sync_status
[2015-07-15 23:04:58.653] [INFO] dateFileLog - POST /v1/sync_status
[2015-07-15 23:04:58.658] [INFO] dateFileLog - POST /v1/sync_status
[2015-07-15 23:04:59.634] [INFO] dateFileLog - POST /v1/sync_status
[2015-07-15 23:04:59.645] [INFO] dateFileLog - POST /v1/sync_status
[2015-07-15 23:05:01.631] [INFO] dateFileLog - POST /v1/sync_status
[2015-07-15 23:05:03.637] [INFO] dateFileLog - POST /v1/sync_status
[2015-07-15 23:05:03.643] [INFO] dateFileLog - POST /v1/sync_status
[2015-07-15 23:05:03.650] [INFO] dateFileLog - POST /v1/sync_status
[2015-07-15 23:05:03.654] [INFO] dateFileLog - POST /v1/sync_status
[2015-07-15 23:05:04.633] [INFO] dateFileLog - POST /v1/sync_status
[2015-07-15 23:05:04.637] [INFO] dateFileLog - POST /v1/sync_status
[2015-07-15 23:05:06.632] [INFO] dateFileLog - POST /v1/sync_status
[2015-07-15 23:05:08.632] [INFO] dateFileLog - POST /v1/sync_status
[2015-07-15 23:05:08.637] [INFO] dateFileLog - POST /v1/sync_status
[2015-07-15 23:05:08.649] [INFO] dateFileLog - POST /v1/sync_status
[2015-07-15 23:05:08.655] [INFO] dateFileLog - POST /v1/sync_status
[2015-07-15 23:05:09.632] [INFO] dateFileLog - POST /v1/sync_status
[2015-07-15 23:05:09.637] [INFO] dateFileLog - POST /v1/sync_status
[2015-07-15 23:05:11.631] [INFO] dateFileLog - POST /v1/sync_status
[2015-07-15 23:05:13.635] [INFO] dateFileLog - POST /v1/sync_status
[2015-07-15 23:05:13.642] [INFO] dateFileLog - POST /v1/sync_status
[2015-07-15 23:05:13.647] [INFO] dateFileLog - POST /v1/sync_status
[2015-07-15 23:05:13.652] [INFO] dateFileLog - POST /v1/sync_status
[2015-07-15 23:05:14.633] [INFO] dateFileLog - POST /v1/sync_status
[2015-07-15 23:05:14.639] [INFO] dateFileLog - POST /v1/sync_status
[2015-07-15 23:05:16.631] [INFO] dateFileLog - POST /v1/sync_status
[2015-07-15 23:05:18.642] [INFO] dateFileLog - POST /v1/sync_status
[2015-07-15 23:05:18.646] [INFO] dateFileLog - POST /v1/sync_status
[2015-07-15 23:05:18.653] [INFO] dateFileLog - POST /v1/sync_status
[2015-07-15 23:05:18.657] [INFO] dateFileLog - POST /v1/sync_status
[2015-07-15 23:05:19.632] [INFO] dateFileLog - POST /v1/sync_status
[2015-07-15 23:05:19.648] [INFO] dateFileLog - POST /v1/sync_status
[2015-07-15 23:05:21.632] [INFO] dateFileLog - POST /v1/sync_status
[2015-07-15 23:05:23.632] [INFO] dateFileLog - POST /v1/sync_status
[2015-07-15 23:05:23.645] [INFO] dateFileLog - POST /v1/sync_status
[2015-07-15 23:05:23.650] [INFO] dateFileLog - POST /v1/sync_status
[2015-07-15 23:05:23.655] [INFO] dateFileLog - POST /v1/sync_status
[2015-07-15 23:05:24.635] [INFO] dateFileLog - POST /v1/sync_status
[2015-07-15 23:05:24.642] [INFO] dateFileLog - POST /v1/sync_status
[2015-07-15 23:05:26.632] [INFO] dateFileLog - POST /v1/sync_status
[2015-07-15 23:05:28.641] [INFO] dateFileLog - POST /v1/sync_status
[2015-07-15 23:05:28.644] [INFO] dateFileLog - POST /v1/sync_status
[2015-07-15 23:05:28.647] [INFO] dateFileLog - POST /v1/sync_status
[2015-07-15 23:05:28.650] [INFO] dateFileLog - POST /v1/sync_status
[2015-07-15 23:05:29.634] [INFO] dateFileLog - POST /v1/sync_status
[2015-07-15 23:05:29.637] [INFO] dateFileLog - POST /v1/sync_status
[2015-07-15 23:05:31.633] [INFO] dateFileLog - POST /v1/sync_status
[2015-07-15 23:05:33.632] [INFO] dateFileLog - POST /v1/sync_status
[2015-07-15 23:05:33.648] [INFO] dateFileLog - POST /v1/sync_status
[2015-07-15 23:05:33.654] [INFO] dateFileLog - POST /v1/sync_status
[2015-07-15 23:05:33.658] [INFO] dateFileLog - POST /v1/sync_status
[2015-07-15 23:05:34.633] [INFO] dateFileLog - POST /v1/sync_status
[2015-07-15 23:05:34.637] [INFO] dateFileLog - POST /v1/sync_status
[2015-07-15 23:05:36.631] [INFO] dateFileLog - POST /v1/sync_status
[2015-07-15 23:05:38.646] [INFO] dateFileLog - POST /v1/sync_status
[2015-07-15 23:05:38.649] [INFO] dateFileLog - POST /v1/sync_status
[2015-07-15 23:05:38.652] [INFO] dateFileLog - POST /v1/sync_status
[2015-07-15 23:05:38.656] [INFO] dateFileLog - POST /v1/sync_status
[2015-07-15 23:05:39.633] [INFO] dateFileLog - POST /v1/sync_status
[2015-07-15 23:05:39.637] [INFO] dateFileLog - POST /v1/sync_status
[2015-07-15 23:05:41.637] [INFO] dateFileLog - POST /v1/sync_status
[2015-07-15 23:05:43.635] [INFO] dateFileLog - POST /v1/sync_status
[2015-07-15 23:05:43.652] [INFO] dateFileLog - POST /v1/sync_status
[2015-07-15 23:05:43.659] [INFO] dateFileLog - POST /v1/sync_status
[2015-07-15 23:05:43.665] [INFO] dateFileLog - POST /v1/sync_status
[2015-07-15 23:05:44.633] [INFO] dateFileLog - POST /v1/sync_status
[2015-07-15 23:05:44.637] [INFO] dateFileLog - POST /v1/sync_status
[2015-07-15 23:05:46.676] [INFO] dateFileLog - POST /v1/sync_status
[2015-07-15 23:05:48.632] [INFO] dateFileLog - POST /v1/sync_status
[2015-07-15 23:05:48.638] [INFO] dateFileLog - POST /v1/sync_status
[2015-07-15 23:05:48.662] [INFO] dateFileLog - POST /v1/sync_status
[2015-07-15 23:05:48.663] [INFO] dateFileLog - POST /v1/sync_status
[2015-07-15 23:05:49.633] [INFO] dateFileLog - POST /v1/sync_status
[2015-07-15 23:05:49.642] [INFO] dateFileLog - POST /v1/sync_status
[2015-07-15 23:05:52.632] [INFO] dateFileLog - POST /v1/sync_status
[2015-07-15 23:05:53.636] [INFO] dateFileLog - POST /v1/sync_status
[2015-07-15 23:05:53.644] [INFO] dateFileLog - POST /v1/sync_status
[2015-07-15 23:05:53.650] [INFO] dateFileLog - POST /v1/sync_status
[2015-07-15 23:05:53.655] [INFO] dateFileLog - POST /v1/sync_status
[2015-07-15 23:05:54.635] [INFO] dateFileLog - POST /v1/sync_status
[2015-07-15 23:05:54.638] [INFO] dateFileLog - POST /v1/sync_status
[2015-07-15 23:05:57.633] [INFO] dateFileLog - POST /v1/sync_status
[2015-07-15 23:05:58.646] [INFO] dateFileLog - POST /v1/sync_status
[2015-07-15 23:05:58.652] [INFO] dateFileLog - POST /v1/sync_status
[2015-07-15 23:05:58.659] [INFO] dateFileLog - POST /v1/sync_status
[2015-07-15 23:05:58.662] [INFO] dateFileLog - POST /v1/sync_status
[2015-07-15 23:05:59.634] [INFO] dateFileLog - POST /v1/sync_status
[2015-07-15 23:05:59.642] [INFO] dateFileLog - POST /v1/sync_status
[2015-07-15 23:06:02.633] [INFO] dateFileLog - POST /v1/sync_status
[2015-07-15 23:06:03.639] [INFO] dateFileLog - POST /v1/sync_status
[2015-07-15 23:06:03.646] [INFO] dateFileLog - POST /v1/sync_status
[2015-07-15 23:06:03.653] [INFO] dateFileLog - POST /v1/sync_status
[2015-07-15 23:06:03.660] [INFO] dateFileLog - POST /v1/sync_status
[2015-07-15 23:06:04.647] [INFO] dateFileLog - POST /v1/sync_status
[2015-07-15 23:06:04.650] [INFO] dateFileLog - POST /v1/sync_status
[2015-07-15 23:06:07.633] [INFO] dateFileLog - POST /v1/sync_status
[2015-07-15 23:06:08.634] [INFO] dateFileLog - POST /v1/sync_status
[2015-07-15 23:06:08.642] [INFO] dateFileLog - POST /v1/sync_status
[2015-07-15 23:06:08.650] [INFO] dateFileLog - POST /v1/sync_status
[2015-07-15 23:06:08.661] [INFO] dateFileLog - POST /v1/sync_status
[2015-07-15 23:06:09.634] [INFO] dateFileLog - POST /v1/sync_status
[2015-07-15 23:06:09.643] [INFO] dateFileLog - POST /v1/sync_status
[2015-07-15 23:06:12.634] [INFO] dateFileLog - POST /v1/sync_status
[2015-07-15 23:06:13.635] [INFO] dateFileLog - POST /v1/sync_status
[2015-07-15 23:06:13.648] [INFO] dateFileLog - POST /v1/sync_status
[2015-07-15 23:06:13.654] [INFO] dateFileLog - POST /v1/sync_status
[2015-07-15 23:06:13.658] [INFO] dateFileLog - POST /v1/sync_status
[2015-07-15 23:06:14.636] [INFO] dateFileLog - POST /v1/sync_status
[2015-07-15 23:06:14.643] [INFO] dateFileLog - POST /v1/sync_status
[2015-07-15 23:06:17.633] [INFO] dateFileLog - POST /v1/sync_status
[2015-07-15 23:06:18.637] [INFO] dateFileLog - POST /v1/sync_status
[2015-07-15 23:06:18.644] [INFO] dateFileLog - POST /v1/sync_status
[2015-07-15 23:06:18.650] [INFO] dateFileLog - POST /v1/sync_status
[2015-07-15 23:06:18.655] [INFO] dateFileLog - POST /v1/sync_status
[2015-07-15 23:06:19.636] [INFO] dateFileLog - POST /v1/sync_status
[2015-07-15 23:06:19.641] [INFO] dateFileLog - POST /v1/sync_status
[2015-07-15 23:06:22.633] [INFO] dateFileLog - POST /v1/sync_status
[2015-07-15 23:06:23.636] [INFO] dateFileLog - POST /v1/sync_status
[2015-07-15 23:06:23.657] [INFO] dateFileLog - POST /v1/sync_status
[2015-07-15 23:06:23.665] [INFO] dateFileLog - POST /v1/sync_status
[2015-07-15 23:06:23.673] [INFO] dateFileLog - POST /v1/sync_status
[2015-07-15 23:06:24.634] [INFO] dateFileLog - POST /v1/sync_status
[2015-07-15 23:06:24.638] [INFO] dateFileLog - POST /v1/sync_status
[2015-07-15 23:06:27.635] [INFO] dateFileLog - POST /v1/sync_status
[2015-07-15 23:06:28.656] [INFO] dateFileLog - POST /v1/sync_status
[2015-07-15 23:06:28.663] [INFO] dateFileLog - POST /v1/sync_status
[2015-07-15 23:06:28.668] [INFO] dateFileLog - POST /v1/sync_status
[2015-07-15 23:06:28.672] [INFO] dateFileLog - POST /v1/sync_status
[2015-07-15 23:06:29.636] [INFO] dateFileLog - POST /v1/sync_status
[2015-07-15 23:06:29.641] [INFO] dateFileLog - POST /v1/sync_status
[2015-07-15 23:06:32.638] [INFO] dateFileLog - POST /v1/sync_status
[2015-07-15 23:06:33.637] [INFO] dateFileLog - POST /v1/sync_status
[2015-07-15 23:06:33.643] [INFO] dateFileLog - POST /v1/sync_status
[2015-07-15 23:06:33.647] [INFO] dateFileLog - POST /v1/sync_status
[2015-07-15 23:06:33.652] [INFO] dateFileLog - POST /v1/sync_status
[2015-07-15 23:06:34.634] [INFO] dateFileLog - POST /v1/sync_status
[2015-07-15 23:06:34.644] [INFO] dateFileLog - POST /v1/sync_status
[2015-07-15 23:06:37.636] [INFO] dateFileLog - POST /v1/sync_status
[2015-07-15 23:06:38.634] [INFO] dateFileLog - POST /v1/sync_status
[2015-07-15 23:06:38.646] [INFO] dateFileLog - POST /v1/sync_status
[2015-07-15 23:06:38.652] [INFO] dateFileLog - POST /v1/sync_status
[2015-07-15 23:06:38.656] [INFO] dateFileLog - POST /v1/sync_status
[2015-07-15 23:06:39.640] [INFO] dateFileLog - POST /v1/sync_status
[2015-07-15 23:06:39.645] [INFO] dateFileLog - POST /v1/sync_status
[2015-07-15 23:06:42.671] [INFO] dateFileLog - POST /v1/sync_status
[2015-07-15 23:06:43.640] [INFO] dateFileLog - POST /v1/sync_status
[2015-07-15 23:06:43.645] [INFO] dateFileLog - POST /v1/sync_status
[2015-07-15 23:06:43.648] [INFO] dateFileLog - POST /v1/sync_status
[2015-07-15 23:06:43.654] [INFO] dateFileLog - POST /v1/sync_status
[2015-07-15 23:06:44.635] [INFO] dateFileLog - POST /v1/sync_status
[2015-07-15 23:06:44.642] [INFO] dateFileLog - POST /v1/sync_status
[2015-07-15 23:06:47.633] [INFO] dateFileLog - POST /v1/sync_status
[2015-07-15 23:06:48.637] [INFO] dateFileLog - POST /v1/sync_status
[2015-07-15 23:06:48.643] [INFO] dateFileLog - POST /v1/sync_status
[2015-07-15 23:06:48.646] [INFO] dateFileLog - POST /v1/sync_status
[2015-07-15 23:06:48.650] [INFO] dateFileLog - POST /v1/sync_status
[2015-07-15 23:06:49.636] [INFO] dateFileLog - POST /v1/sync_status
[2015-07-15 23:06:49.639] [INFO] dateFileLog - POST /v1/sync_status
[2015-07-15 23:06:52.634] [INFO] dateFileLog - POST /v1/sync_status
[2015-07-15 23:06:53.638] [INFO] dateFileLog - POST /v1/sync_status
[2015-07-15 23:06:53.647] [INFO] dateFileLog - POST /v1/sync_status
[2015-07-15 23:06:53.654] [INFO] dateFileLog - POST /v1/sync_status
[2015-07-15 23:06:53.664] [INFO] dateFileLog - POST /v1/sync_status
[2015-07-15 23:06:54.634] [INFO] dateFileLog - POST /v1/sync_status
[2015-07-15 23:06:54.638] [INFO] dateFileLog - POST /v1/sync_status
[2015-07-15 23:06:57.634] [INFO] dateFileLog - POST /v1/sync_status
[2015-07-15 23:06:58.636] [INFO] dateFileLog - POST /v1/sync_status
[2015-07-15 23:06:58.645] [INFO] dateFileLog - POST /v1/sync_status
[2015-07-15 23:06:58.651] [INFO] dateFileLog - POST /v1/sync_status
[2015-07-15 23:06:58.653] [INFO] dateFileLog - POST /v1/sync_status
[2015-07-15 23:06:59.633] [INFO] dateFileLog - POST /v1/sync_status
[2015-07-15 23:06:59.648] [INFO] dateFileLog - POST /v1/sync_status
[2015-07-15 23:07:02.634] [INFO] dateFileLog - POST /v1/sync_status
[2015-07-15 23:07:03.635] [INFO] dateFileLog - POST /v1/sync_status
[2015-07-15 23:07:03.642] [INFO] dateFileLog - POST /v1/sync_status
[2015-07-15 23:07:03.645] [INFO] dateFileLog - POST /v1/sync_status
[2015-07-15 23:07:03.648] [INFO] dateFileLog - POST /v1/sync_status
[2015-07-15 23:07:04.648] [INFO] dateFileLog - POST /v1/sync_status
[2015-07-15 23:07:04.656] [INFO] dateFileLog - POST /v1/sync_status
[2015-07-15 23:07:07.632] [INFO] dateFileLog - POST /v1/sync_status
[2015-07-15 23:07:08.642] [INFO] dateFileLog - POST /v1/sync_status
[2015-07-15 23:07:08.647] [INFO] dateFileLog - POST /v1/sync_status
[2015-07-15 23:07:08.653] [INFO] dateFileLog - POST /v1/sync_status
[2015-07-15 23:07:08.657] [INFO] dateFileLog - POST /v1/sync_status
[2015-07-15 23:07:10.635] [INFO] dateFileLog - POST /v1/sync_status
[2015-07-15 23:07:10.638] [INFO] dateFileLog - POST /v1/sync_status
[2015-07-15 23:07:12.633] [INFO] dateFileLog - POST /v1/sync_status
[2015-07-15 23:07:13.638] [INFO] dateFileLog - POST /v1/sync_status
[2015-07-15 23:07:13.638] [INFO] dateFileLog - POST /v1/sync_status
[2015-07-15 23:07:13.653] [INFO] dateFileLog - POST /v1/sync_status
[2015-07-15 23:07:13.653] [INFO] dateFileLog - POST /v1/sync_status
[2015-07-15 23:07:15.634] [INFO] dateFileLog - POST /v1/sync_status
[2015-07-15 23:07:15.634] [INFO] dateFileLog - POST /v1/sync_status
[2015-07-15 23:07:18.632] [INFO] dateFileLog - POST /v1/sync_status
[2015-07-15 23:07:19.631] [INFO] dateFileLog - POST /v1/sync_status
[2015-07-15 23:07:19.647] [INFO] dateFileLog - POST /v1/sync_status
[2015-07-15 23:07:19.647] [INFO] dateFileLog - POST /v1/sync_status
[2015-07-15 23:07:19.647] [INFO] dateFileLog - POST /v1/sync_status
[2015-07-15 23:07:21.634] [INFO] dateFileLog - POST /v1/sync_status
[2015-07-15 23:07:21.634] [INFO] dateFileLog - POST /v1/sync_status
[2015-07-15 23:07:25.987] [INFO] dateFileLog - POST /v1/sync_status
[2015-07-15 23:07:26.002] [INFO] dateFileLog - POST /v1/sync_status
[2015-07-15 23:07:26.002] [INFO] dateFileLog - POST /v1/sync_status
[2015-07-15 23:07:26.002] [INFO] dateFileLog - POST /v1/sync_status
[2015-07-15 23:07:26.018] [INFO] dateFileLog - POST /v1/sync_status
[2015-07-15 23:07:26.018] [INFO] dateFileLog - POST /v1/log_in
[2015-07-15 23:07:26.018] [INFO] dateFileLog - POST /v1/log_in
[2015-07-15 23:07:26.049] [INFO] dateFileLog - POST /v1/log_in
[2015-07-15 23:07:26.067] [INFO] dateFileLog - POST /v1/log_in
[2015-07-15 23:07:26.085] [INFO] dateFileLog - POST /v1/log_in
[2015-07-15 23:07:27.633] [INFO] dateFileLog - POST /v1/sync_status
[2015-07-15 23:07:27.649] [INFO] dateFileLog - POST /v1/sync_status
[2015-07-15 23:07:29.644] [INFO] dateFileLog - POST /v1/sync_status
[2015-07-15 23:07:30.187] [WARN] dateFileLog - 版本-client: close
[2015-07-15 23:07:31.053] [INFO] dateFileLog - POST /v1/sync_status
[2015-07-15 23:07:31.562] [WARN] dateFileLog - 天天-client: close
[2015-07-15 23:07:34.076] [WARN] dateFileLog - GET /chat/
[2015-07-15 23:07:34.100] [WARN] dateFileLog - GET /chat/js/lib/jquery-1.11.0.js
[2015-07-15 23:07:34.101] [WARN] dateFileLog - GET /chat/js/lib/adapter.js
[2015-07-15 23:07:34.102] [WARN] dateFileLog - GET /chat/js/lib/easydialog.js
[2015-07-15 23:07:34.107] [WARN] dateFileLog - GET /chat/js/lib/event-proxy.js
[2015-07-15 23:07:34.112] [WARN] dateFileLog - GET /chat/js/ui.js
[2015-07-15 23:07:34.114] [WARN] dateFileLog - GET /chat/js/chat.js
[2015-07-15 23:07:34.116] [WARN] dateFileLog - GET /chat/js/register.js
[2015-07-15 23:07:34.116] [WARN] dateFileLog - GET /chat/images/dandan.css
[2015-07-15 23:07:34.119] [WARN] dateFileLog - GET /chat/js/main.js
[2015-07-15 23:07:34.121] [WARN] dateFileLog - GET /chat/css/lanrenzhijia.css
[2015-07-15 23:07:34.122] [WARN] dateFileLog - GET /chat/css/easydialog.css
[2015-07-15 23:07:34.428] [WARN] dateFileLog - GET /chat/images/bgSelf.gif
[2015-07-15 23:07:34.454] [WARN] dateFileLog - GET /chat/images/left_top.gif
[2015-07-15 23:07:34.455] [WARN] dateFileLog - GET /chat/images/left_mid.gif
[2015-07-15 23:07:34.455] [WARN] dateFileLog - GET /chat/images/fold.png
[2015-07-15 23:07:34.456] [WARN] dateFileLog - GET /chat/images/left_foot.gif
[2015-07-15 23:07:34.457] [WARN] dateFileLog - GET /chat/images/right_top.gif
[2015-07-15 23:07:34.459] [WARN] dateFileLog - GET /chat/images/right_mid.gif
[2015-07-15 23:07:34.465] [WARN] dateFileLog - GET /chat/images/right_foot.gif
[2015-07-15 23:07:34.466] [WARN] dateFileLog - GET /chat/images/body_top.gif
[2015-07-15 23:07:34.467] [WARN] dateFileLog - GET /chat/images/body_foot.gif
[2015-07-15 23:07:36.883] [WARN] dateFileLog - GET /chat/
[2015-07-15 23:07:36.907] [WARN] dateFileLog - GET /chat/js/lib/jquery-1.11.0.js
[2015-07-15 23:07:36.915] [WARN] dateFileLog - GET /chat/js/lib/adapter.js
[2015-07-15 23:07:36.916] [WARN] dateFileLog - GET /chat/js/lib/easydialog.js
[2015-07-15 23:07:36.916] [WARN] dateFileLog - GET /chat/js/lib/event-proxy.js
[2015-07-15 23:07:36.917] [WARN] dateFileLog - GET /chat/js/main.js
[2015-07-15 23:07:36.918] [WARN] dateFileLog - GET /chat/js/ui.js
[2015-07-15 23:07:36.925] [WARN] dateFileLog - GET /chat/js/chat.js
[2015-07-15 23:07:36.926] [WARN] dateFileLog - GET /chat/js/register.js
[2015-07-15 23:07:36.927] [WARN] dateFileLog - GET /chat/images/dandan.css
[2015-07-15 23:07:36.927] [WARN] dateFileLog - GET /chat/css/lanrenzhijia.css
[2015-07-15 23:07:36.928] [WARN] dateFileLog - GET /chat/css/easydialog.css
[2015-07-15 23:07:36.989] [WARN] dateFileLog - GET /chat/images/bgSelf.gif
[2015-07-15 23:07:36.990] [WARN] dateFileLog - GET /chat/images/left_top.gif
[2015-07-15 23:07:36.991] [WARN] dateFileLog - GET /chat/images/left_mid.gif
[2015-07-15 23:07:36.994] [WARN] dateFileLog - GET /chat/images/fold.png
[2015-07-15 23:07:36.995] [WARN] dateFileLog - GET /chat/images/left_foot.gif
[2015-07-15 23:07:36.996] [WARN] dateFileLog - GET /chat/images/right_top.gif
[2015-07-15 23:07:37.000] [WARN] dateFileLog - GET /chat/images/right_mid.gif
[2015-07-15 23:07:37.001] [WARN] dateFileLog - GET /chat/images/right_foot.gif
[2015-07-15 23:07:37.005] [WARN] dateFileLog - GET /chat/images/body_top.gif
[2015-07-15 23:07:37.006] [WARN] dateFileLog - GET /chat/images/body_foot.gif
[2015-07-15 23:07:41.758] [WARN] dateFileLog - GET /chat/
[2015-07-15 23:07:42.002] [WARN] dateFileLog - GET /chat/js/lib/jquery-1.11.0.js
[2015-07-15 23:07:42.002] [WARN] dateFileLog - GET /chat/js/lib/adapter.js
[2015-07-15 23:07:42.003] [WARN] dateFileLog - GET /chat/js/lib/easydialog.js
[2015-07-15 23:07:42.004] [WARN] dateFileLog - GET /chat/js/lib/event-proxy.js
[2015-07-15 23:07:42.004] [WARN] dateFileLog - GET /chat/js/main.js
[2015-07-15 23:07:42.011] [WARN] dateFileLog - GET /chat/js/ui.js
[2015-07-15 23:07:42.019] [WARN] dateFileLog - GET /chat/js/chat.js
[2015-07-15 23:07:42.022] [WARN] dateFileLog - GET /chat/js/register.js
[2015-07-15 23:07:42.023] [WARN] dateFileLog - GET /chat/images/dandan.css
[2015-07-15 23:07:42.023] [WARN] dateFileLog - GET /chat/css/lanrenzhijia.css
[2015-07-15 23:07:42.024] [WARN] dateFileLog - GET /chat/css/easydialog.css
[2015-07-15 23:07:42.093] [WARN] dateFileLog - GET /chat/images/bgSelf.gif
[2015-07-15 23:07:42.093] [WARN] dateFileLog - GET /chat/images/left_top.gif
[2015-07-15 23:07:42.094] [WARN] dateFileLog - GET /chat/images/left_mid.gif
[2015-07-15 23:07:42.096] [WARN] dateFileLog - GET /chat/images/fold.png
[2015-07-15 23:07:42.096] [WARN] dateFileLog - GET /chat/images/left_foot.gif
[2015-07-15 23:07:42.096] [WARN] dateFileLog - GET /chat/images/right_top.gif
[2015-07-15 23:07:42.106] [WARN] dateFileLog - GET /chat/images/right_mid.gif
[2015-07-15 23:07:42.108] [WARN] dateFileLog - GET /chat/images/right_foot.gif
[2015-07-15 23:07:42.109] [WARN] dateFileLog - GET /chat/images/body_top.gif
[2015-07-15 23:07:42.111] [WARN] dateFileLog - GET /chat/images/body_foot.gif
[2015-07-15 23:09:15.049] [WARN] dateFileLog - GET /chat/
[2015-07-15 23:09:15.120] [WARN] dateFileLog - GET /chat/js/lib/jquery-1.11.0.js
[2015-07-15 23:09:15.123] [WARN] dateFileLog - GET /chat/js/lib/adapter.js
[2015-07-15 23:09:15.124] [WARN] dateFileLog - GET /chat/js/lib/easydialog.js
[2015-07-15 23:09:15.124] [WARN] dateFileLog - GET /chat/js/lib/event-proxy.js
[2015-07-15 23:09:15.125] [WARN] dateFileLog - GET /chat/js/main.js
[2015-07-15 23:09:15.129] [WARN] dateFileLog - GET /chat/js/ui.js
[2015-07-15 23:09:15.131] [WARN] dateFileLog - GET /chat/js/chat.js
[2015-07-15 23:09:15.132] [WARN] dateFileLog - GET /chat/js/register.js
[2015-07-15 23:09:15.134] [WARN] dateFileLog - GET /chat/images/dandan.css
[2015-07-15 23:09:15.135] [WARN] dateFileLog - GET /chat/css/lanrenzhijia.css
[2015-07-15 23:09:15.144] [WARN] dateFileLog - GET /chat/css/easydialog.css
[2015-07-15 23:09:15.346] [WARN] dateFileLog - GET /chat/images/bgSelf.gif
[2015-07-15 23:09:15.348] [WARN] dateFileLog - GET /chat/images/left_top.gif
[2015-07-15 23:09:15.351] [WARN] dateFileLog - GET /chat/images/left_mid.gif
[2015-07-15 23:09:15.352] [WARN] dateFileLog - GET /chat/images/fold.png
[2015-07-15 23:09:15.352] [WARN] dateFileLog - GET /chat/images/left_foot.gif
[2015-07-15 23:09:15.354] [WARN] dateFileLog - GET /chat/images/right_top.gif
[2015-07-15 23:09:15.357] [WARN] dateFileLog - GET /chat/images/right_mid.gif
[2015-07-15 23:09:15.359] [WARN] dateFileLog - GET /chat/images/right_foot.gif
[2015-07-15 23:09:15.360] [WARN] dateFileLog - GET /chat/images/body_top.gif
[2015-07-15 23:09:15.361] [WARN] dateFileLog - GET /chat/images/body_foot.gif
[2015-07-15 23:10:57.485] [WARN] dateFileLog - GET /chat/
[2015-07-15 23:10:57.605] [WARN] dateFileLog - GET /chat/js/lib/jquery-1.11.0.js
[2015-07-15 23:10:57.605] [WARN] dateFileLog - GET /chat/js/lib/adapter.js
[2015-07-15 23:10:57.605] [WARN] dateFileLog - GET /chat/js/lib/easydialog.js
[2015-07-15 23:10:57.605] [WARN] dateFileLog - GET /chat/js/lib/event-proxy.js
[2015-07-15 23:10:57.615] [WARN] dateFileLog - GET /chat/js/ui.js
[2015-07-15 23:10:57.615] [WARN] dateFileLog - GET /chat/js/chat.js
[2015-07-15 23:10:57.615] [WARN] dateFileLog - GET /chat/js/register.js
[2015-07-15 23:10:57.625] [INFO] dateFileLog - GET /chat/js/main.js
[2015-07-15 23:10:57.625] [WARN] dateFileLog - GET /chat/images/dandan.css
[2015-07-15 23:10:57.625] [WARN] dateFileLog - GET /chat/css/lanrenzhijia.css
[2015-07-15 23:10:57.625] [WARN] dateFileLog - GET /chat/css/easydialog.css
[2015-07-15 23:10:57.835] [WARN] dateFileLog - GET /chat/images/bgSelf.gif
[2015-07-15 23:10:57.835] [WARN] dateFileLog - GET /chat/images/left_top.gif
[2015-07-15 23:10:57.835] [WARN] dateFileLog - GET /chat/images/left_mid.gif
[2015-07-15 23:10:57.845] [WARN] dateFileLog - GET /chat/images/fold.png
[2015-07-15 23:10:57.845] [WARN] dateFileLog - GET /chat/images/left_foot.gif
[2015-07-15 23:10:57.855] [WARN] dateFileLog - GET /chat/images/right_top.gif
[2015-07-15 23:10:57.855] [WARN] dateFileLog - GET /chat/images/right_mid.gif
[2015-07-15 23:10:57.855] [WARN] dateFileLog - GET /chat/images/right_foot.gif
[2015-07-15 23:10:57.855] [WARN] dateFileLog - GET /chat/images/body_top.gif
[2015-07-15 23:10:57.865] [WARN] dateFileLog - GET /chat/images/body_foot.gif
