[2015-07-15 18:45:45.858] [INFO] dateFileLog - GET /
[2015-07-15 18:45:46.152] [INFO] dateFileLog - GET /stylesheets/style.css
[2015-07-15 18:46:55.273] [WARN] dateFileLog - GET /public
[2015-07-15 18:46:55.329] [INFO] dateFileLog - GET /public/
[2015-07-15 18:47:04.030] [INFO] dateFileLog - GET /public/index.html
[2015-07-15 18:47:10.699] [WARN] dateFileLog - GET /public/index.html
[2015-07-15 18:48:21.836] [INFO] dateFileLog - GET /public/demo.html
[2015-07-15 18:48:22.636] [INFO] dateFileLog - GET /public/js/lib/adapter.js
[2015-07-15 18:48:22.640] [INFO] dateFileLog - GET /public/js/lib/easydialog.js
[2015-07-15 18:48:22.647] [INFO] dateFileLog - GET /public/js/lib/event-proxy.js
[2015-07-15 18:48:22.661] [INFO] dateFileLog - GET /public/js/main.js
[2015-07-15 18:48:22.664] [INFO] dateFileLog - GET /public/js/ui.js
[2015-07-15 18:48:22.731] [INFO] dateFileLog - GET /public/js/lib/jquery-1.11.0.js
[2015-07-15 18:48:22.735] [INFO] dateFileLog - GET /public/images/dandan.css
[2015-07-15 18:48:22.760] [INFO] dateFileLog - GET /public/css/lanrenzhijia.css
[2015-07-15 18:48:22.766] [INFO] dateFileLog - GET /public/css/easydialog.css
[2015-07-15 18:48:22.767] [INFO] dateFileLog - GET /public/js/chat.js
[2015-07-15 18:48:22.769] [INFO] dateFileLog - GET /public/js/register.js
[2015-07-15 18:48:23.130] [INFO] dateFileLog - GET /public/images/bgSelf.gif
[2015-07-15 18:48:23.161] [INFO] dateFileLog - GET /public/images/left_top.gif
[2015-07-15 18:48:23.165] [INFO] dateFileLog - GET /public/images/left_mid.gif
[2015-07-15 18:48:23.170] [INFO] dateFileLog - GET /public/images/fold.png
[2015-07-15 18:48:23.178] [INFO] dateFileLog - GET /public/images/left_foot.gif
[2015-07-15 18:48:23.186] [INFO] dateFileLog - GET /public/images/right_top.gif
[2015-07-15 18:48:23.200] [INFO] dateFileLog - POST /v1/log_in
[2015-07-15 18:48:23.334] [INFO] dateFileLog - GET /public/images/body_top.gif
[2015-07-15 18:48:23.338] [INFO] dateFileLog - GET /public/images/right_mid.gif
[2015-07-15 18:48:23.345] [INFO] dateFileLog - GET /public/images/body_foot.gif
[2015-07-15 18:48:23.358] [INFO] dateFileLog - GET /public/images/right_foot.gif
[2015-07-15 18:48:28.326] [INFO] dateFileLog - POST /v1/sync_status
[2015-07-15 18:48:28.345] [INFO] dateFileLog - POST /v1/log_in
[2015-07-15 18:48:29.349] [INFO] dateFileLog - GET /public/images/unfold.png
[2015-07-15 18:48:29.360] [INFO] dateFileLog - GET /public/images/idle.jpg
[2015-07-15 18:48:33.295] [INFO] dateFileLog - POST /v1/sync_status
[2015-07-15 18:48:33.364] [INFO] dateFileLog - POST /v1/sync_status
[2015-07-15 18:48:38.290] [INFO] dateFileLog - POST /v1/sync_status
[2015-07-15 18:48:38.365] [INFO] dateFileLog - POST /v1/sync_status
[2015-07-15 18:48:39.108] [WARN] dateFileLog - undefined-client: close
[2015-07-15 18:48:39.112] [WARN] dateFileLog - 啊啊-client: close
