[2014-10-27 15:43:51.474] [INFO] dateFileLog - GET /public/
[2014-10-27 15:43:51.787] [WARN] dateFileLog - GET /public/js/lib/jquery-1.11.0.js
[2014-10-27 15:43:51.796] [WARN] dateFileLog - GET /public/js/lib/adapter.js
[2014-10-27 15:43:51.858] [INFO] dateFileLog - GET /public/js/main.js
[2014-10-27 15:43:51.862] [INFO] dateFileLog - GET /public/js/chat.js
[2014-10-27 15:43:53.914] [INFO] dateFileLog - Request handler 'login' was called.
[2014-10-27 15:43:53.919] [INFO] dateFileLog - POST /v1/log_in
[2014-10-27 15:43:53.997] [INFO] dateFileLog - Request handler 'signal' was called.
[2014-10-27 15:43:58.176] [WARN] dateFileLog - GET /public/
[2014-10-27 15:43:58.319] [WARN] dateFileLog - GET /public/js/lib/jquery-1.11.0.js
[2014-10-27 15:43:58.325] [WARN] dateFileLog - GET /public/js/lib/adapter.js
[2014-10-27 15:43:58.340] [WARN] dateFileLog - GET /public/js/main.js
[2014-10-27 15:43:58.347] [WARN] dateFileLog - GET /public/js/chat.js
[2014-10-27 15:43:59.420] [INFO] dateFileLog - Request handler 'login' was called.
[2014-10-27 15:43:59.424] [INFO] dateFileLog - POST /v1/log_in
[2014-10-27 15:43:59.465] [INFO] dateFileLog - Request handler 'signal' was called.
[2014-10-27 15:44:14.645] [INFO] dateFileLog - Request handler 'call' was called.
[2014-10-27 15:44:14.678] [INFO] dateFileLog - POST /v1/signal
[2014-10-27 15:44:14.831] [INFO] dateFileLog - Request handler 'signal' was called.
[2014-10-27 15:44:15.005] [INFO] dateFileLog - Request handler 'ice_candidate' was called.
[2014-10-27 15:44:15.032] [INFO] dateFileLog - POST /v1/ice_candidate
[2014-10-27 15:44:15.552] [INFO] dateFileLog - POST /v1/signal
[2014-10-27 15:44:15.795] [INFO] dateFileLog - Request handler 'signal' was called.
[2014-10-27 15:44:18.726] [INFO] dateFileLog - Request handler 'reply' was called.
[2014-10-27 15:44:18.900] [INFO] dateFileLog - POST /v1/signal
[2014-10-27 15:44:18.920] [INFO] dateFileLog - POST /v1/call
[2014-10-27 15:44:19.032] [INFO] dateFileLog - POST /v1/reply
[2014-10-27 15:44:19.051] [INFO] dateFileLog - Request handler 'ice_candidate' was called.
[2014-10-27 15:44:19.193] [INFO] dateFileLog - POST /v1/ice_candidate
[2014-10-27 15:44:19.565] [INFO] dateFileLog - Request handler 'signal' was called.
[2014-10-27 15:44:19.727] [INFO] dateFileLog - POST /v1/signal
[2014-10-27 15:44:20.368] [INFO] dateFileLog - Request handler 'signal' was called.
[2014-10-27 15:44:42.638] [ERROR] dateFileLog - POST /v1/signal
[2014-10-27 15:44:43.958] [WARN] dateFileLog - GET /public/
[2014-10-27 15:44:46.411] [ERROR] dateFileLog - POST /v1/signal
[2014-10-27 15:44:46.467] [WARN] dateFileLog - GET /public/js/lib/jquery-1.11.0.js
[2014-10-27 15:44:46.670] [WARN] dateFileLog - GET /public/js/lib/adapter.js
[2014-10-27 15:44:46.734] [WARN] dateFileLog - GET /public/js/main.js
[2014-10-27 15:44:46.977] [WARN] dateFileLog - GET /public/js/chat.js
[2014-10-27 15:44:47.016] [WARN] dateFileLog - GET /public/
[2014-10-27 15:44:47.906] [WARN] dateFileLog - GET /public/js/lib/jquery-1.11.0.js
[2014-10-27 15:44:47.916] [WARN] dateFileLog - GET /public/js/lib/adapter.js
[2014-10-27 15:44:47.997] [WARN] dateFileLog - GET /public/js/main.js
[2014-10-27 15:44:48.063] [WARN] dateFileLog - GET /public/js/chat.js
[2014-10-27 15:50:51.929] [INFO] dateFileLog - Request handler 'login' was called.
[2014-10-27 15:50:51.935] [INFO] dateFileLog - POST /v1/log_in
[2014-10-27 15:50:51.967] [INFO] dateFileLog - Request handler 'signal' was called.
[2014-10-27 15:50:53.950] [INFO] dateFileLog - Request handler 'login' was called.
[2014-10-27 15:50:53.953] [INFO] dateFileLog - POST /v1/log_in
[2014-10-27 15:50:54.013] [INFO] dateFileLog - Request handler 'signal' was called.
[2014-10-27 15:53:17.499] [ERROR] dateFileLog - POST /v1/signal
[2014-10-27 15:53:17.856] [INFO] dateFileLog - GET /public/
[2014-10-27 15:53:18.292] [INFO] dateFileLog - GET /public/js/main.js
[2014-10-27 15:53:18.294] [INFO] dateFileLog - GET /public/js/chat.js
[2014-10-27 15:53:18.352] [INFO] dateFileLog - GET /public/js/lib/adapter.js
[2014-10-27 15:53:18.364] [INFO] dateFileLog - GET /public/js/lib/jquery-1.11.0.js
[2014-10-27 15:53:18.425] [ERROR] dateFileLog - GET /favicon.ico
[2014-10-27 15:53:18.449] [ERROR] dateFileLog - GET /favicon.ico
[2014-10-27 15:53:25.928] [ERROR] dateFileLog - POST /v1/signal
[2014-10-27 15:53:26.013] [WARN] dateFileLog - GET /public/
[2014-10-27 15:53:26.163] [WARN] dateFileLog - GET /public/js/lib/jquery-1.11.0.js
[2014-10-27 15:53:26.165] [WARN] dateFileLog - GET /public/js/lib/adapter.js
[2014-10-27 15:53:26.167] [WARN] dateFileLog - GET /public/js/main.js
[2014-10-27 15:53:26.169] [WARN] dateFileLog - GET /public/js/chat.js
[2014-10-27 15:55:39.544] [WARN] dateFileLog - GET /public
[2014-10-27 15:55:39.601] [INFO] dateFileLog - GET /public/
[2014-10-27 15:55:40.103] [INFO] dateFileLog - GET /public/js/lib/adapter.js
[2014-10-27 15:55:40.114] [INFO] dateFileLog - GET /public/js/main.js
[2014-10-27 15:55:40.137] [INFO] dateFileLog - GET /public/js/lib/jquery-1.11.0.js
[2014-10-27 15:55:40.142] [INFO] dateFileLog - GET /public/js/chat.js
[2014-10-27 15:55:40.841] [ERROR] dateFileLog - GET /favicon.ico
[2014-10-27 15:56:00.617] [INFO] dateFileLog - Request handler 'login' was called.
[2014-10-27 15:56:00.625] [INFO] dateFileLog - POST /v1/log_in
[2014-10-27 15:56:00.658] [INFO] dateFileLog - Request handler 'signal' was called.
[2014-10-27 15:56:07.441] [WARN] dateFileLog - GET /public/
[2014-10-27 15:56:07.672] [WARN] dateFileLog - GET /public/js/lib/jquery-1.11.0.js
[2014-10-27 15:56:07.704] [WARN] dateFileLog - GET /public/js/lib/adapter.js
[2014-10-27 15:56:07.708] [WARN] dateFileLog - GET /public/js/main.js
[2014-10-27 15:56:07.713] [WARN] dateFileLog - GET /public/js/chat.js
[2014-10-27 15:56:10.672] [INFO] dateFileLog - Request handler 'login' was called.
[2014-10-27 15:56:10.676] [INFO] dateFileLog - POST /v1/log_in
[2014-10-27 15:56:10.693] [INFO] dateFileLog - Request handler 'signal' was called.
[2014-10-27 15:56:20.748] [INFO] dateFileLog - Request handler 'call' was called.
[2014-10-27 15:56:20.762] [INFO] dateFileLog - POST /v1/signal
[2014-10-27 15:56:20.788] [INFO] dateFileLog - Request handler 'ice_candidate' was called.
[2014-10-27 15:56:20.835] [INFO] dateFileLog - POST /v1/ice_candidate
[2014-10-27 15:56:20.871] [INFO] dateFileLog - Request handler 'signal' was called.
[2014-10-27 15:56:21.377] [INFO] dateFileLog - POST /v1/signal
[2014-10-27 15:56:21.868] [INFO] dateFileLog - Request handler 'signal' was called.
[2014-10-27 15:56:27.354] [INFO] dateFileLog - Request handler 'reply' was called.
[2014-10-27 15:56:27.412] [INFO] dateFileLog - POST /v1/signal
[2014-10-27 15:56:27.500] [INFO] dateFileLog - POST /v1/call
[2014-10-27 15:56:27.951] [INFO] dateFileLog - POST /v1/reply
[2014-10-27 15:56:27.999] [INFO] dateFileLog - Request handler 'ice_candidate' was called.
[2014-10-27 15:56:28.212] [INFO] dateFileLog - POST /v1/ice_candidate
[2014-10-27 15:56:28.282] [INFO] dateFileLog - Request handler 'signal' was called.
[2014-10-27 15:56:28.834] [INFO] dateFileLog - POST /v1/signal
[2014-10-27 15:56:28.961] [INFO] dateFileLog - Request handler 'signal' was called.
[2014-10-27 16:00:38.476] [ERROR] dateFileLog - POST /v1/signal
[2014-10-27 16:00:38.539] [WARN] dateFileLog - GET /public/
[2014-10-27 16:00:38.759] [WARN] dateFileLog - GET /public/js/lib/jquery-1.11.0.js
[2014-10-27 16:00:38.780] [WARN] dateFileLog - GET /public/js/lib/adapter.js
[2014-10-27 16:00:38.781] [WARN] dateFileLog - GET /public/js/main.js
[2014-10-27 16:00:38.782] [WARN] dateFileLog - GET /public/js/chat.js
[2014-10-27 16:00:41.379] [ERROR] dateFileLog - POST /v1/signal
[2014-10-27 16:00:41.485] [WARN] dateFileLog - GET /public/
[2014-10-27 16:00:41.724] [WARN] dateFileLog - GET /public/js/lib/jquery-1.11.0.js
[2014-10-27 16:00:41.794] [WARN] dateFileLog - GET /public/js/lib/adapter.js
[2014-10-27 16:00:41.800] [WARN] dateFileLog - GET /public/js/main.js
[2014-10-27 16:00:41.867] [WARN] dateFileLog - GET /public/js/chat.js
[2014-10-27 16:02:26.941] [WARN] dateFileLog - GET /public/
[2014-10-27 16:02:27.149] [WARN] dateFileLog - GET /public/js/lib/jquery-1.11.0.js
[2014-10-27 16:02:27.151] [WARN] dateFileLog - GET /public/js/lib/adapter.js
[2014-10-27 16:02:27.155] [WARN] dateFileLog - GET /public/js/main.js
[2014-10-27 16:02:27.171] [WARN] dateFileLog - GET /public/js/chat.js
[2014-10-27 16:02:30.113] [WARN] dateFileLog - GET /public/
[2014-10-27 16:02:30.241] [WARN] dateFileLog - GET /public/js/lib/jquery-1.11.0.js
[2014-10-27 16:02:30.244] [WARN] dateFileLog - GET /public/js/lib/adapter.js
[2014-10-27 16:02:30.245] [WARN] dateFileLog - GET /public/js/main.js
[2014-10-27 16:02:30.247] [WARN] dateFileLog - GET /public/js/chat.js
[2014-10-27 16:02:38.359] [INFO] dateFileLog - Request handler 'login' was called.
[2014-10-27 16:02:38.360] [INFO] dateFileLog - POST /v1/log_in
[2014-10-27 16:02:38.456] [INFO] dateFileLog - Request handler 'signal' was called.
[2014-10-27 16:03:12.394] [ERROR] dateFileLog - POST /v1/signal
[2014-10-27 16:03:12.475] [WARN] dateFileLog - GET /public/
[2014-10-27 16:03:12.635] [WARN] dateFileLog - GET /public/js/lib/jquery-1.11.0.js
[2014-10-27 16:03:12.643] [WARN] dateFileLog - GET /public/js/lib/adapter.js
[2014-10-27 16:03:12.644] [WARN] dateFileLog - GET /public/js/main.js
[2014-10-27 16:03:12.646] [WARN] dateFileLog - GET /public/js/chat.js
[2014-10-27 16:12:59.863] [INFO] dateFileLog - Request handler 'login' was called.
[2014-10-27 16:12:59.868] [INFO] dateFileLog - POST /v1/log_in
[2014-10-27 16:12:59.945] [INFO] dateFileLog - Request handler 'signal' was called.
[2014-10-27 16:13:06.254] [INFO] dateFileLog - Request handler 'login' was called.
[2014-10-27 16:13:06.259] [INFO] dateFileLog - POST /v1/log_in
[2014-10-27 16:13:06.324] [INFO] dateFileLog - Request handler 'signal' was called.
[2014-10-27 16:13:12.479] [INFO] dateFileLog - Request handler 'call' was called.
[2014-10-27 16:13:12.485] [INFO] dateFileLog - POST /v1/signal
[2014-10-27 16:13:12.506] [INFO] dateFileLog - Request handler 'ice_candidate' was called.
[2014-10-27 16:13:12.518] [INFO] dateFileLog - POST /v1/ice_candidate
[2014-10-27 16:45:30.626] [WARN] dateFileLog - GET /public/
[2014-10-27 16:45:31.048] [WARN] dateFileLog - GET /public/js/lib/jquery-1.11.0.js
[2014-10-27 16:45:31.054] [WARN] dateFileLog - GET /public/js/lib/adapter.js
[2014-10-27 16:45:31.058] [WARN] dateFileLog - GET /public/js/main.js
[2014-10-27 16:45:31.526] [INFO] dateFileLog - GET /public/js/chat.js
[2014-10-27 16:45:32.107] [WARN] dateFileLog - GET /public/
[2014-10-27 16:45:32.323] [WARN] dateFileLog - GET /public/js/lib/jquery-1.11.0.js
[2014-10-27 16:45:32.401] [WARN] dateFileLog - GET /public/js/lib/adapter.js
[2014-10-27 16:45:32.405] [WARN] dateFileLog - GET /public/js/main.js
[2014-10-27 16:45:32.789] [INFO] dateFileLog - GET /public/js/chat.js
[2014-10-27 16:46:08.770] [WARN] dateFileLog - GET /public/
[2014-10-27 16:46:09.109] [WARN] dateFileLog - GET /public/js/lib/jquery-1.11.0.js
[2014-10-27 16:46:09.131] [WARN] dateFileLog - GET /public/js/lib/adapter.js
[2014-10-27 16:46:09.134] [WARN] dateFileLog - GET /public/js/main.js
[2014-10-27 16:46:09.199] [INFO] dateFileLog - GET /public/js/chat.js
[2014-10-27 16:46:11.310] [WARN] dateFileLog - GET /public/
[2014-10-27 16:46:11.692] [WARN] dateFileLog - GET /public/js/lib/jquery-1.11.0.js
[2014-10-27 16:46:11.839] [WARN] dateFileLog - GET /public/js/lib/adapter.js
[2014-10-27 16:46:11.890] [WARN] dateFileLog - GET /public/js/main.js
[2014-10-27 16:46:12.277] [INFO] dateFileLog - GET /public/js/chat.js
[2014-10-27 16:46:17.447] [INFO] dateFileLog - Request handler 'login' was called.
[2014-10-27 16:46:17.452] [INFO] dateFileLog - POST /v1/log_in
[2014-10-27 16:46:17.464] [INFO] dateFileLog - Request handler 'signal' was called.
[2014-10-27 16:46:20.002] [INFO] dateFileLog - Request handler 'login' was called.
[2014-10-27 16:46:20.006] [INFO] dateFileLog - POST /v1/log_in
[2014-10-27 16:46:20.019] [INFO] dateFileLog - Request handler 'signal' was called.
[2014-10-27 16:46:28.039] [INFO] dateFileLog - Request handler 'call' was called.
[2014-10-27 16:46:28.054] [INFO] dateFileLog - POST /v1/signal
[2014-10-27 16:46:28.072] [INFO] dateFileLog - Request handler 'ice_candidate' was called.
[2014-10-27 16:46:28.078] [INFO] dateFileLog - POST /v1/ice_candidate
[2014-10-27 16:46:34.847] [INFO] dateFileLog - Request handler 'signal' was called.
[2014-10-27 16:46:35.100] [ERROR] dateFileLog - POST /v1/signal
[2014-10-27 16:46:35.395] [INFO] dateFileLog - Request handler 'signal' was called.
[2014-10-27 16:46:42.055] [ERROR] dateFileLog - POST /v1/signal
[2014-10-27 16:46:43.346] [INFO] dateFileLog - Request handler 'call' was called.
[2014-10-27 16:46:44.092] [ERROR] dateFileLog - POST /v1/call
[2014-10-27 16:46:44.481] [INFO] dateFileLog - Request handler 'reply' was called.
[2014-10-27 16:46:44.675] [ERROR] dateFileLog - POST /v1/reply
[2014-10-27 16:46:44.687] [INFO] dateFileLog - Request handler 'ice_candidate' was called.
[2014-10-27 16:46:44.984] [ERROR] dateFileLog - POST /v1/ice_candidate
