0 info it worked if it ends with ok
1 verbose cli [ 'D:\\Program Files (x86)\\nodejs\\\\node.exe',
1 verbose cli   'D:\\Program Files (x86)\\nodejs\\node_modules\\npm\\bin\\npm-cli.js',
1 verbose cli   'install' ]
2 info using npm@1.4.28
3 info using node@v0.10.32
4 verbose node symlink D:\Program Files (x86)\nodejs\\node.exe
5 verbose readDependencies using package.json deps
6 verbose install where, deps [ 'D:\\codes\\influxGit\\InfluxMultimediaPlatformRepository\\trunk\\MyWorks\\HttpServer',
6 verbose install   [ 'body-parser',
6 verbose install     'connect-multiparty',
6 verbose install     'cookie-parser',
6 verbose install     'debug',
6 verbose install     'ejs',
6 verbose install     'express',
6 verbose install     'static-favicon',
6 verbose install     'log4js',
6 verbose install     'moment',
6 verbose install     'mysql',
6 verbose install     'ws',
6 verbose install     'jwt-simple',
6 verbose install     'async' ] ]
7 info preinstall MultimediaPlatformServer@0.0.1
8 verbose readDependencies using package.json deps
9 verbose cache add [ 'body-parser@~1.0.0', null ]
10 verbose cache add name=undefined spec="body-parser@~1.0.0" args=["body-parser@~1.0.0",null]
11 verbose parsed url { protocol: null,
11 verbose parsed url   slashes: null,
11 verbose parsed url   auth: null,
11 verbose parsed url   host: null,
11 verbose parsed url   port: null,
11 verbose parsed url   hostname: null,
11 verbose parsed url   hash: null,
11 verbose parsed url   search: null,
11 verbose parsed url   query: null,
11 verbose parsed url   pathname: 'body-parser@~1.0.0',
11 verbose parsed url   path: 'body-parser@~1.0.0',
11 verbose parsed url   href: 'body-parser@~1.0.0' }
12 verbose cache add [ 'connect-multiparty@^1.1.0', null ]
13 verbose cache add name=undefined spec="connect-multiparty@^1.1.0" args=["connect-multiparty@^1.1.0",null]
14 verbose parsed url { protocol: null,
14 verbose parsed url   slashes: null,
14 verbose parsed url   auth: null,
14 verbose parsed url   host: null,
14 verbose parsed url   port: null,
14 verbose parsed url   hostname: null,
14 verbose parsed url   hash: null,
14 verbose parsed url   search: null,
14 verbose parsed url   query: null,
14 verbose parsed url   pathname: 'connect-multiparty@^1.1.0',
14 verbose parsed url   path: 'connect-multiparty@^1.1.0',
14 verbose parsed url   href: 'connect-multiparty@^1.1.0' }
15 verbose cache add [ 'cookie-parser@~1.0.1', null ]
16 verbose cache add name=undefined spec="cookie-parser@~1.0.1" args=["cookie-parser@~1.0.1",null]
17 verbose parsed url { protocol: null,
17 verbose parsed url   slashes: null,
17 verbose parsed url   auth: null,
17 verbose parsed url   host: null,
17 verbose parsed url   port: null,
17 verbose parsed url   hostname: null,
17 verbose parsed url   hash: null,
17 verbose parsed url   search: null,
17 verbose parsed url   query: null,
17 verbose parsed url   pathname: 'cookie-parser@~1.0.1',
17 verbose parsed url   path: 'cookie-parser@~1.0.1',
17 verbose parsed url   href: 'cookie-parser@~1.0.1' }
18 verbose cache add [ 'debug@~0.7.4', null ]
19 verbose cache add name=undefined spec="debug@~0.7.4" args=["debug@~0.7.4",null]
20 verbose parsed url { protocol: null,
20 verbose parsed url   slashes: null,
20 verbose parsed url   auth: null,
20 verbose parsed url   host: null,
20 verbose parsed url   port: null,
20 verbose parsed url   hostname: null,
20 verbose parsed url   hash: null,
20 verbose parsed url   search: null,
20 verbose parsed url   query: null,
20 verbose parsed url   pathname: 'debug@~0.7.4',
20 verbose parsed url   path: 'debug@~0.7.4',
20 verbose parsed url   href: 'debug@~0.7.4' }
21 verbose cache add [ 'ejs@~0.8.5', null ]
22 verbose cache add name=undefined spec="ejs@~0.8.5" args=["ejs@~0.8.5",null]
23 verbose parsed url { protocol: null,
23 verbose parsed url   slashes: null,
23 verbose parsed url   auth: null,
23 verbose parsed url   host: null,
23 verbose parsed url   port: null,
23 verbose parsed url   hostname: null,
23 verbose parsed url   hash: null,
23 verbose parsed url   search: null,
23 verbose parsed url   query: null,
23 verbose parsed url   pathname: 'ejs@~0.8.5',
23 verbose parsed url   path: 'ejs@~0.8.5',
23 verbose parsed url   href: 'ejs@~0.8.5' }
24 verbose cache add [ 'express@~3.4.8', null ]
25 verbose cache add name=undefined spec="express@~3.4.8" args=["express@~3.4.8",null]
26 verbose parsed url { protocol: null,
26 verbose parsed url   slashes: null,
26 verbose parsed url   auth: null,
26 verbose parsed url   host: null,
26 verbose parsed url   port: null,
26 verbose parsed url   hostname: null,
26 verbose parsed url   hash: null,
26 verbose parsed url   search: null,
26 verbose parsed url   query: null,
26 verbose parsed url   pathname: 'express@~3.4.8',
26 verbose parsed url   path: 'express@~3.4.8',
26 verbose parsed url   href: 'express@~3.4.8' }
27 verbose cache add [ 'static-favicon@~1.0.0', null ]
28 verbose cache add name=undefined spec="static-favicon@~1.0.0" args=["static-favicon@~1.0.0",null]
29 verbose parsed url { protocol: null,
29 verbose parsed url   slashes: null,
29 verbose parsed url   auth: null,
29 verbose parsed url   host: null,
29 verbose parsed url   port: null,
29 verbose parsed url   hostname: null,
29 verbose parsed url   hash: null,
29 verbose parsed url   search: null,
29 verbose parsed url   query: null,
29 verbose parsed url   pathname: 'static-favicon@~1.0.0',
29 verbose parsed url   path: 'static-favicon@~1.0.0',
29 verbose parsed url   href: 'static-favicon@~1.0.0' }
30 verbose cache add [ 'log4js@0.6.16', null ]
31 verbose cache add name=undefined spec="log4js@0.6.16" args=["log4js@0.6.16",null]
32 verbose parsed url { protocol: null,
32 verbose parsed url   slashes: null,
32 verbose parsed url   auth: null,
32 verbose parsed url   host: null,
32 verbose parsed url   port: null,
32 verbose parsed url   hostname: null,
32 verbose parsed url   hash: null,
32 verbose parsed url   search: null,
32 verbose parsed url   query: null,
32 verbose parsed url   pathname: 'log4js@0.6.16',
32 verbose parsed url   path: 'log4js@0.6.16',
32 verbose parsed url   href: 'log4js@0.6.16' }
33 verbose cache add [ 'moment@2.8.3', null ]
34 verbose cache add name=undefined spec="moment@2.8.3" args=["moment@2.8.3",null]
35 verbose parsed url { protocol: null,
35 verbose parsed url   slashes: null,
35 verbose parsed url   auth: null,
35 verbose parsed url   host: null,
35 verbose parsed url   port: null,
35 verbose parsed url   hostname: null,
35 verbose parsed url   hash: null,
35 verbose parsed url   search: null,
35 verbose parsed url   query: null,
35 verbose parsed url   pathname: 'moment@2.8.3',
35 verbose parsed url   path: 'moment@2.8.3',
35 verbose parsed url   href: 'moment@2.8.3' }
36 verbose cache add [ 'mysql@2.3.2', null ]
37 verbose cache add name=undefined spec="mysql@2.3.2" args=["mysql@2.3.2",null]
38 verbose parsed url { protocol: null,
38 verbose parsed url   slashes: null,
38 verbose parsed url   auth: null,
38 verbose parsed url   host: null,
38 verbose parsed url   port: null,
38 verbose parsed url   hostname: null,
38 verbose parsed url   hash: null,
38 verbose parsed url   search: null,
38 verbose parsed url   query: null,
38 verbose parsed url   pathname: 'mysql@2.3.2',
38 verbose parsed url   path: 'mysql@2.3.2',
38 verbose parsed url   href: 'mysql@2.3.2' }
39 verbose cache add [ 'ws@0.4.32', null ]
40 verbose cache add name=undefined spec="ws@0.4.32" args=["ws@0.4.32",null]
41 verbose parsed url { protocol: null,
41 verbose parsed url   slashes: null,
41 verbose parsed url   auth: null,
41 verbose parsed url   host: null,
41 verbose parsed url   port: null,
41 verbose parsed url   hostname: null,
41 verbose parsed url   hash: null,
41 verbose parsed url   search: null,
41 verbose parsed url   query: null,
41 verbose parsed url   pathname: 'ws@0.4.32',
41 verbose parsed url   path: 'ws@0.4.32',
41 verbose parsed url   href: 'ws@0.4.32' }
42 verbose cache add [ 'jwt-simple@0.2.0', null ]
43 verbose cache add name=undefined spec="jwt-simple@0.2.0" args=["jwt-simple@0.2.0",null]
44 verbose parsed url { protocol: null,
44 verbose parsed url   slashes: null,
44 verbose parsed url   auth: null,
44 verbose parsed url   host: null,
44 verbose parsed url   port: null,
44 verbose parsed url   hostname: null,
44 verbose parsed url   hash: null,
44 verbose parsed url   search: null,
44 verbose parsed url   query: null,
44 verbose parsed url   pathname: 'jwt-simple@0.2.0',
44 verbose parsed url   path: 'jwt-simple@0.2.0',
44 verbose parsed url   href: 'jwt-simple@0.2.0' }
45 verbose cache add [ 'async@0.9.0', null ]
46 verbose cache add name=undefined spec="async@0.9.0" args=["async@0.9.0",null]
47 verbose parsed url { protocol: null,
47 verbose parsed url   slashes: null,
47 verbose parsed url   auth: null,
47 verbose parsed url   host: null,
47 verbose parsed url   port: null,
47 verbose parsed url   hostname: null,
47 verbose parsed url   hash: null,
47 verbose parsed url   search: null,
47 verbose parsed url   query: null,
47 verbose parsed url   pathname: 'async@0.9.0',
47 verbose parsed url   path: 'async@0.9.0',
47 verbose parsed url   href: 'async@0.9.0' }
48 verbose cache add name="body-parser" spec="~1.0.0" args=["body-parser","~1.0.0"]
49 verbose parsed url { protocol: null,
49 verbose parsed url   slashes: null,
49 verbose parsed url   auth: null,
49 verbose parsed url   host: null,
49 verbose parsed url   port: null,
49 verbose parsed url   hostname: null,
49 verbose parsed url   hash: null,
49 verbose parsed url   search: null,
49 verbose parsed url   query: null,
49 verbose parsed url   pathname: '~1.0.0',
49 verbose parsed url   path: '~1.0.0',
49 verbose parsed url   href: '~1.0.0' }
50 verbose addNamed [ 'body-parser', '~1.0.0' ]
51 verbose addNamed [ null, '>=1.0.0-0 <1.1.0-0' ]
52 verbose cache add name="connect-multiparty" spec="^1.1.0" args=["connect-multiparty","^1.1.0"]
53 verbose parsed url { protocol: null,
53 verbose parsed url   slashes: null,
53 verbose parsed url   auth: null,
53 verbose parsed url   host: null,
53 verbose parsed url   port: null,
53 verbose parsed url   hostname: null,
53 verbose parsed url   hash: null,
53 verbose parsed url   search: null,
53 verbose parsed url   query: null,
53 verbose parsed url   pathname: '^1.1.0',
53 verbose parsed url   path: '^1.1.0',
53 verbose parsed url   href: '^1.1.0' }
54 verbose addNamed [ 'connect-multiparty', '^1.1.0' ]
55 verbose addNamed [ null, '>=1.1.0-0 <2.0.0-0' ]
56 verbose cache add name="cookie-parser" spec="~1.0.1" args=["cookie-parser","~1.0.1"]
57 verbose parsed url { protocol: null,
57 verbose parsed url   slashes: null,
57 verbose parsed url   auth: null,
57 verbose parsed url   host: null,
57 verbose parsed url   port: null,
57 verbose parsed url   hostname: null,
57 verbose parsed url   hash: null,
57 verbose parsed url   search: null,
57 verbose parsed url   query: null,
57 verbose parsed url   pathname: '~1.0.1',
57 verbose parsed url   path: '~1.0.1',
57 verbose parsed url   href: '~1.0.1' }
58 verbose addNamed [ 'cookie-parser', '~1.0.1' ]
59 verbose addNamed [ null, '>=1.0.1-0 <1.1.0-0' ]
60 verbose cache add name="debug" spec="~0.7.4" args=["debug","~0.7.4"]
61 verbose parsed url { protocol: null,
61 verbose parsed url   slashes: null,
61 verbose parsed url   auth: null,
61 verbose parsed url   host: null,
61 verbose parsed url   port: null,
61 verbose parsed url   hostname: null,
61 verbose parsed url   hash: null,
61 verbose parsed url   search: null,
61 verbose parsed url   query: null,
61 verbose parsed url   pathname: '~0.7.4',
61 verbose parsed url   path: '~0.7.4',
61 verbose parsed url   href: '~0.7.4' }
62 verbose addNamed [ 'debug', '~0.7.4' ]
63 verbose addNamed [ null, '>=0.7.4-0 <0.8.0-0' ]
64 verbose cache add name="ejs" spec="~0.8.5" args=["ejs","~0.8.5"]
65 verbose parsed url { protocol: null,
65 verbose parsed url   slashes: null,
65 verbose parsed url   auth: null,
65 verbose parsed url   host: null,
65 verbose parsed url   port: null,
65 verbose parsed url   hostname: null,
65 verbose parsed url   hash: null,
65 verbose parsed url   search: null,
65 verbose parsed url   query: null,
65 verbose parsed url   pathname: '~0.8.5',
65 verbose parsed url   path: '~0.8.5',
65 verbose parsed url   href: '~0.8.5' }
66 verbose addNamed [ 'ejs', '~0.8.5' ]
67 verbose addNamed [ null, '>=0.8.5-0 <0.9.0-0' ]
68 verbose cache add name="express" spec="~3.4.8" args=["express","~3.4.8"]
69 verbose parsed url { protocol: null,
69 verbose parsed url   slashes: null,
69 verbose parsed url   auth: null,
69 verbose parsed url   host: null,
69 verbose parsed url   port: null,
69 verbose parsed url   hostname: null,
69 verbose parsed url   hash: null,
69 verbose parsed url   search: null,
69 verbose parsed url   query: null,
69 verbose parsed url   pathname: '~3.4.8',
69 verbose parsed url   path: '~3.4.8',
69 verbose parsed url   href: '~3.4.8' }
70 verbose addNamed [ 'express', '~3.4.8' ]
71 verbose addNamed [ null, '>=3.4.8-0 <3.5.0-0' ]
72 verbose cache add name="static-favicon" spec="~1.0.0" args=["static-favicon","~1.0.0"]
73 verbose parsed url { protocol: null,
73 verbose parsed url   slashes: null,
73 verbose parsed url   auth: null,
73 verbose parsed url   host: null,
73 verbose parsed url   port: null,
73 verbose parsed url   hostname: null,
73 verbose parsed url   hash: null,
73 verbose parsed url   search: null,
73 verbose parsed url   query: null,
73 verbose parsed url   pathname: '~1.0.0',
73 verbose parsed url   path: '~1.0.0',
73 verbose parsed url   href: '~1.0.0' }
74 verbose addNamed [ 'static-favicon', '~1.0.0' ]
75 verbose addNamed [ null, '>=1.0.0-0 <1.1.0-0' ]
76 verbose cache add name="log4js" spec="0.6.16" args=["log4js","0.6.16"]
77 verbose parsed url { protocol: null,
77 verbose parsed url   slashes: null,
77 verbose parsed url   auth: null,
77 verbose parsed url   host: null,
77 verbose parsed url   port: null,
77 verbose parsed url   hostname: null,
77 verbose parsed url   hash: null,
77 verbose parsed url   search: null,
77 verbose parsed url   query: null,
77 verbose parsed url   pathname: '0.6.16',
77 verbose parsed url   path: '0.6.16',
77 verbose parsed url   href: '0.6.16' }
78 verbose addNamed [ 'log4js', '0.6.16' ]
79 verbose addNamed [ '0.6.16', '0.6.16' ]
80 verbose cache add name="moment" spec="2.8.3" args=["moment","2.8.3"]
81 verbose parsed url { protocol: null,
81 verbose parsed url   slashes: null,
81 verbose parsed url   auth: null,
81 verbose parsed url   host: null,
81 verbose parsed url   port: null,
81 verbose parsed url   hostname: null,
81 verbose parsed url   hash: null,
81 verbose parsed url   search: null,
81 verbose parsed url   query: null,
81 verbose parsed url   pathname: '2.8.3',
81 verbose parsed url   path: '2.8.3',
81 verbose parsed url   href: '2.8.3' }
82 verbose addNamed [ 'moment', '2.8.3' ]
83 verbose addNamed [ '2.8.3', '2.8.3' ]
84 verbose cache add name="mysql" spec="2.3.2" args=["mysql","2.3.2"]
85 verbose parsed url { protocol: null,
85 verbose parsed url   slashes: null,
85 verbose parsed url   auth: null,
85 verbose parsed url   host: null,
85 verbose parsed url   port: null,
85 verbose parsed url   hostname: null,
85 verbose parsed url   hash: null,
85 verbose parsed url   search: null,
85 verbose parsed url   query: null,
85 verbose parsed url   pathname: '2.3.2',
85 verbose parsed url   path: '2.3.2',
85 verbose parsed url   href: '2.3.2' }
86 verbose addNamed [ 'mysql', '2.3.2' ]
87 verbose addNamed [ '2.3.2', '2.3.2' ]
88 verbose cache add name="ws" spec="0.4.32" args=["ws","0.4.32"]
89 verbose parsed url { protocol: null,
89 verbose parsed url   slashes: null,
89 verbose parsed url   auth: null,
89 verbose parsed url   host: null,
89 verbose parsed url   port: null,
89 verbose parsed url   hostname: null,
89 verbose parsed url   hash: null,
89 verbose parsed url   search: null,
89 verbose parsed url   query: null,
89 verbose parsed url   pathname: '0.4.32',
89 verbose parsed url   path: '0.4.32',
89 verbose parsed url   href: '0.4.32' }
90 verbose addNamed [ 'ws', '0.4.32' ]
91 verbose addNamed [ '0.4.32', '0.4.32' ]
92 verbose cache add name="jwt-simple" spec="0.2.0" args=["jwt-simple","0.2.0"]
93 verbose parsed url { protocol: null,
93 verbose parsed url   slashes: null,
93 verbose parsed url   auth: null,
93 verbose parsed url   host: null,
93 verbose parsed url   port: null,
93 verbose parsed url   hostname: null,
93 verbose parsed url   hash: null,
93 verbose parsed url   search: null,
93 verbose parsed url   query: null,
93 verbose parsed url   pathname: '0.2.0',
93 verbose parsed url   path: '0.2.0',
93 verbose parsed url   href: '0.2.0' }
94 verbose addNamed [ 'jwt-simple', '0.2.0' ]
95 verbose addNamed [ '0.2.0', '0.2.0' ]
96 verbose cache add name="async" spec="0.9.0" args=["async","0.9.0"]
97 verbose parsed url { protocol: null,
97 verbose parsed url   slashes: null,
97 verbose parsed url   auth: null,
97 verbose parsed url   host: null,
97 verbose parsed url   port: null,
97 verbose parsed url   hostname: null,
97 verbose parsed url   hash: null,
97 verbose parsed url   search: null,
97 verbose parsed url   query: null,
97 verbose parsed url   pathname: '0.9.0',
97 verbose parsed url   path: '0.9.0',
97 verbose parsed url   href: '0.9.0' }
98 verbose addNamed [ 'async', '0.9.0' ]
99 verbose addNamed [ '0.9.0', '0.9.0' ]
100 silly lockFile 9ca6d1f0-body-parser-1-0-0 body-parser@~1.0.0
101 verbose lock body-parser@~1.0.0 C:\Users\Administrator\AppData\Roaming\npm-cache\9ca6d1f0-body-parser-1-0-0.lock
102 silly lockFile 591d2b14-connect-multiparty-1-1-0 connect-multiparty@^1.1.0
103 verbose lock connect-multiparty@^1.1.0 C:\Users\Administrator\AppData\Roaming\npm-cache\591d2b14-connect-multiparty-1-1-0.lock
104 silly lockFile 8e5bf42e-cookie-parser-1-0-1 cookie-parser@~1.0.1
105 verbose lock cookie-parser@~1.0.1 C:\Users\Administrator\AppData\Roaming\npm-cache\8e5bf42e-cookie-parser-1-0-1.lock
106 silly lockFile cf1a6986-debug-0-7-4 debug@~0.7.4
107 verbose lock debug@~0.7.4 C:\Users\Administrator\AppData\Roaming\npm-cache\cf1a6986-debug-0-7-4.lock
108 silly lockFile 05610aaa-ejs-0-8-5 ejs@~0.8.5
109 verbose lock ejs@~0.8.5 C:\Users\Administrator\AppData\Roaming\npm-cache\05610aaa-ejs-0-8-5.lock
110 silly lockFile 655fa913-express-3-4-8 express@~3.4.8
111 verbose lock express@~3.4.8 C:\Users\Administrator\AppData\Roaming\npm-cache\655fa913-express-3-4-8.lock
112 silly lockFile 934b2baf-static-favicon-1-0-0 static-favicon@~1.0.0
113 verbose lock static-favicon@~1.0.0 C:\Users\Administrator\AppData\Roaming\npm-cache\934b2baf-static-favicon-1-0-0.lock
114 silly lockFile 6c74d7c2-log4js-0-6-16 log4js@0.6.16
115 verbose lock log4js@0.6.16 C:\Users\Administrator\AppData\Roaming\npm-cache\6c74d7c2-log4js-0-6-16.lock
116 silly lockFile 707ecd2d-moment-2-8-3 moment@2.8.3
117 verbose lock moment@2.8.3 C:\Users\Administrator\AppData\Roaming\npm-cache\707ecd2d-moment-2-8-3.lock
118 silly lockFile 673a7be5-mysql-2-3-2 mysql@2.3.2
119 verbose lock mysql@2.3.2 C:\Users\Administrator\AppData\Roaming\npm-cache\673a7be5-mysql-2-3-2.lock
120 silly lockFile d580c141-ws-0-4-32 ws@0.4.32
121 verbose lock ws@0.4.32 C:\Users\Administrator\AppData\Roaming\npm-cache\d580c141-ws-0-4-32.lock
122 silly lockFile 3b0c8105-jwt-simple-0-2-0 jwt-simple@0.2.0
123 verbose lock jwt-simple@0.2.0 C:\Users\Administrator\AppData\Roaming\npm-cache\3b0c8105-jwt-simple-0-2-0.lock
124 silly lockFile 9a58a886-async-0-9-0 async@0.9.0
125 verbose lock async@0.9.0 C:\Users\Administrator\AppData\Roaming\npm-cache\9a58a886-async-0-9-0.lock
126 silly addNameRange { name: 'body-parser',
126 silly addNameRange   range: '>=1.0.0-0 <1.1.0-0',
126 silly addNameRange   hasData: false }
127 silly addNameRange { name: 'static-favicon',
127 silly addNameRange   range: '>=1.0.0-0 <1.1.0-0',
127 silly addNameRange   hasData: false }
128 silly addNameRange { name: 'debug', range: '>=0.7.4-0 <0.8.0-0', hasData: false }
129 silly addNameRange { name: 'ejs', range: '>=0.8.5-0 <0.9.0-0', hasData: false }
130 silly addNameRange { name: 'cookie-parser',
130 silly addNameRange   range: '>=1.0.1-0 <1.1.0-0',
130 silly addNameRange   hasData: false }
131 silly addNameRange { name: 'express', range: '>=3.4.8-0 <3.5.0-0', hasData: false }
132 silly addNameRange { name: 'connect-multiparty',
132 silly addNameRange   range: '>=1.1.0-0 <2.0.0-0',
132 silly addNameRange   hasData: false }
133 verbose request where is /connect-multiparty
134 verbose request registry https://registry.npmjs.org/
135 verbose request id b34a49329bd8fae5
136 verbose url raw /connect-multiparty
137 verbose url resolving [ 'https://registry.npmjs.org/', './connect-multiparty' ]
138 verbose url resolved https://registry.npmjs.org/connect-multiparty
139 verbose request where is https://registry.npmjs.org/connect-multiparty
140 info trying registry request attempt 1 at 15:40:34
141 verbose etag "BZT68YNYQC0O8MVMNQ2K00D19"
142 http GET https://registry.npmjs.org/connect-multiparty
143 verbose request where is /mysql
144 verbose request registry https://registry.npmjs.org/
145 verbose url raw /mysql
146 verbose url resolving [ 'https://registry.npmjs.org/', './mysql' ]
147 verbose url resolved https://registry.npmjs.org/mysql
148 verbose request where is https://registry.npmjs.org/mysql
149 info trying registry request attempt 1 at 15:40:35
150 verbose etag "9B8Z3GPC05G8NJFEL25DL45KT"
151 http GET https://registry.npmjs.org/mysql
152 verbose request where is /body-parser
153 verbose request registry https://registry.npmjs.org/
154 verbose url raw /body-parser
155 verbose url resolving [ 'https://registry.npmjs.org/', './body-parser' ]
156 verbose url resolved https://registry.npmjs.org/body-parser
157 verbose request where is https://registry.npmjs.org/body-parser
158 info trying registry request attempt 1 at 15:40:35
159 verbose etag "J24HA8QEO9AGZ8LM0X71O0R4"
160 http GET https://registry.npmjs.org/body-parser
161 verbose request where is /express
162 verbose request registry https://registry.npmjs.org/
163 verbose url raw /express
164 verbose url resolving [ 'https://registry.npmjs.org/', './express' ]
165 verbose url resolved https://registry.npmjs.org/express
166 verbose request where is https://registry.npmjs.org/express
167 info trying registry request attempt 1 at 15:40:35
168 verbose etag "F0X5QHBTDR9QEFDQPY5DO5DER"
169 http GET https://registry.npmjs.org/express
170 verbose request where is /jwt-simple
171 verbose request registry https://registry.npmjs.org/
172 verbose url raw /jwt-simple
173 verbose url resolving [ 'https://registry.npmjs.org/', './jwt-simple' ]
174 verbose url resolved https://registry.npmjs.org/jwt-simple
175 verbose request where is https://registry.npmjs.org/jwt-simple
176 info trying registry request attempt 1 at 15:40:35
177 verbose etag "4JVH3OIVJBH2DG5VJCSRMN92Q"
178 http GET https://registry.npmjs.org/jwt-simple
179 verbose request where is /ejs
180 verbose request registry https://registry.npmjs.org/
181 verbose url raw /ejs
182 verbose url resolving [ 'https://registry.npmjs.org/', './ejs' ]
183 verbose url resolved https://registry.npmjs.org/ejs
184 verbose request where is https://registry.npmjs.org/ejs
185 info trying registry request attempt 1 at 15:40:35
186 verbose etag "15TJWYSPTT04PG8RFMKMQ8233"
187 http GET https://registry.npmjs.org/ejs
188 verbose request where is /moment
189 verbose request registry https://registry.npmjs.org/
190 verbose url raw /moment
191 verbose url resolving [ 'https://registry.npmjs.org/', './moment' ]
192 verbose url resolved https://registry.npmjs.org/moment
193 verbose request where is https://registry.npmjs.org/moment
194 info trying registry request attempt 1 at 15:40:35
195 verbose etag "30WF210PMU41EQ3TFM188QK2L"
196 http GET https://registry.npmjs.org/moment
197 verbose request where is /static-favicon
198 verbose request registry https://registry.npmjs.org/
199 verbose url raw /static-favicon
200 verbose url resolving [ 'https://registry.npmjs.org/', './static-favicon' ]
201 verbose url resolved https://registry.npmjs.org/static-favicon
202 verbose request where is https://registry.npmjs.org/static-favicon
203 info trying registry request attempt 1 at 15:40:35
204 verbose etag "E28TG3I7VV6QKUTJCOE3Z14V2"
205 http GET https://registry.npmjs.org/static-favicon
206 verbose request where is /log4js
207 verbose request registry https://registry.npmjs.org/
208 verbose url raw /log4js
209 verbose url resolving [ 'https://registry.npmjs.org/', './log4js' ]
210 verbose url resolved https://registry.npmjs.org/log4js
211 verbose request where is https://registry.npmjs.org/log4js
212 info trying registry request attempt 1 at 15:40:35
213 verbose etag "E61EZ3LVRS733VY4I1Q4YYPF4"
214 http GET https://registry.npmjs.org/log4js
215 verbose request where is /async
216 verbose request registry https://registry.npmjs.org/
217 verbose url raw /async
218 verbose url resolving [ 'https://registry.npmjs.org/', './async' ]
219 verbose url resolved https://registry.npmjs.org/async
220 verbose request where is https://registry.npmjs.org/async
221 info trying registry request attempt 1 at 15:40:35
222 verbose etag "2K230OJ4D78AY7MHQ6DSVVF9C"
223 http GET https://registry.npmjs.org/async
224 verbose request where is /cookie-parser
225 verbose request registry https://registry.npmjs.org/
226 verbose url raw /cookie-parser
227 verbose url resolving [ 'https://registry.npmjs.org/', './cookie-parser' ]
228 verbose url resolved https://registry.npmjs.org/cookie-parser
229 verbose request where is https://registry.npmjs.org/cookie-parser
230 info trying registry request attempt 1 at 15:40:35
231 verbose etag "D2I21Z55J0M83YHA636O1DW9K"
232 http GET https://registry.npmjs.org/cookie-parser
233 verbose request where is /ws
234 verbose request registry https://registry.npmjs.org/
235 verbose url raw /ws
236 verbose url resolving [ 'https://registry.npmjs.org/', './ws' ]
237 verbose url resolved https://registry.npmjs.org/ws
238 verbose request where is https://registry.npmjs.org/ws
239 info trying registry request attempt 1 at 15:40:35
240 verbose etag "6HV3ZCOIYAXPMXW7SDN0DI1NU"
241 http GET https://registry.npmjs.org/ws
242 verbose request where is /debug
243 verbose request registry https://registry.npmjs.org/
244 verbose url raw /debug
245 verbose url resolving [ 'https://registry.npmjs.org/', './debug' ]
246 verbose url resolved https://registry.npmjs.org/debug
247 verbose request where is https://registry.npmjs.org/debug
248 info trying registry request attempt 1 at 15:40:35
249 verbose etag "73MB79J18PZK39N02U42KQG49"
250 http GET https://registry.npmjs.org/debug
251 http 304 https://registry.npmjs.org/jwt-simple
252 silly registry.get cb [ 304,
252 silly registry.get   { date: 'Mon, 03 Nov 2014 07:40:36 GMT',
252 silly registry.get     server: 'Apache',
252 silly registry.get     via: '1.1 varnish',
252 silly registry.get     'last-modified': 'Mon, 03 Nov 2014 07:40:36 GMT',
252 silly registry.get     'cache-control': 'max-age=60',
252 silly registry.get     etag: '"4JVH3OIVJBH2DG5VJCSRMN92Q"',
252 silly registry.get     age: '0',
252 silly registry.get     'x-served-by': 'cache-ty67-TYO',
252 silly registry.get     'x-cache': 'HIT',
252 silly registry.get     'x-cache-hits': '1',
252 silly registry.get     'x-timer': 'S1415000436.415826,VS0,VE123',
252 silly registry.get     vary: 'Accept',
252 silly registry.get     'content-length': '0',
252 silly registry.get     'keep-alive': 'timeout=10, max=50',
252 silly registry.get     connection: 'Keep-Alive' } ]
253 verbose etag https://registry.npmjs.org/jwt-simple from cache
254 http 200 https://registry.npmjs.org/mysql
255 silly registry.get cb [ 200,
255 silly registry.get   { date: 'Mon, 03 Nov 2014 07:40:36 GMT',
255 silly registry.get     server: 'CouchDB/1.5.0 (Erlang OTP/R16B03)',
255 silly registry.get     etag: '"7QMAPVRUXCXAZ3HO4XLKPN4OC"',
255 silly registry.get     'content-type': 'application/json',
255 silly registry.get     'cache-control': 'max-age=60',
255 silly registry.get     'content-length': '96118',
255 silly registry.get     'accept-ranges': 'bytes',
255 silly registry.get     via: '1.1 varnish',
255 silly registry.get     age: '10',
255 silly registry.get     'x-served-by': 'cache-ty68-TYO',
255 silly registry.get     'x-cache': 'HIT',
255 silly registry.get     'x-cache-hits': '2',
255 silly registry.get     'x-timer': 'S1415000436.193950,VS0,VE0',
255 silly registry.get     vary: 'Accept',
255 silly registry.get     'keep-alive': 'timeout=10, max=50',
255 silly registry.get     connection: 'Keep-Alive' } ]
256 silly lockFile 28bfd4e8--npmjs-org-mysql-mysql-2-3-2-tgz https://registry.npmjs.org/mysql/-/mysql-2.3.2.tgz
257 verbose lock https://registry.npmjs.org/mysql/-/mysql-2.3.2.tgz C:\Users\Administrator\AppData\Roaming\npm-cache\28bfd4e8--npmjs-org-mysql-mysql-2-3-2-tgz.lock
258 verbose addRemoteTarball [ 'https://registry.npmjs.org/mysql/-/mysql-2.3.2.tgz',
258 verbose addRemoteTarball   'dbfabbc355d5690fd31c53a786c38acbbfda5046' ]
259 info retry fetch attempt 1 at 15:40:37
260 verbose fetch to= C:\Users\ADMINI~1\AppData\Local\Temp\npm-4940-LEBcdpv6\registry.npmjs.org\mysql\-\mysql-2.3.2.tgz
261 http GET https://registry.npmjs.org/mysql/-/mysql-2.3.2.tgz
262 silly lockFile 3b0c8105-jwt-simple-0-2-0 jwt-simple@0.2.0
263 silly lockFile 3b0c8105-jwt-simple-0-2-0 jwt-simple@0.2.0
264 http 304 https://registry.npmjs.org/ejs
265 silly registry.get cb [ 304,
265 silly registry.get   { date: 'Mon, 03 Nov 2014 07:40:36 GMT',
265 silly registry.get     server: 'Apache',
265 silly registry.get     via: '1.1 varnish',
265 silly registry.get     'last-modified': 'Mon, 03 Nov 2014 07:38:57 GMT',
265 silly registry.get     'cache-control': 'max-age=60',
265 silly registry.get     etag: '"15TJWYSPTT04PG8RFMKMQ8233"',
265 silly registry.get     age: '25',
265 silly registry.get     'x-served-by': 'cache-ty67-TYO',
265 silly registry.get     'x-cache': 'HIT',
265 silly registry.get     'x-cache-hits': '4',
265 silly registry.get     'x-timer': 'S1415000436.718609,VS0,VE0',
265 silly registry.get     vary: 'Accept',
265 silly registry.get     'content-length': '0',
265 silly registry.get     'keep-alive': 'timeout=10, max=49',
265 silly registry.get     connection: 'Keep-Alive' } ]
266 verbose etag https://registry.npmjs.org/ejs from cache
267 silly addNameRange number 2 { name: 'ejs', range: '>=0.8.5-0 <0.9.0-0', hasData: true }
268 silly addNameRange versions [ 'ejs',
268 silly addNameRange   [ '0.0.1',
268 silly addNameRange     '0.0.2',
268 silly addNameRange     '0.0.3',
268 silly addNameRange     '0.0.4',
268 silly addNameRange     '0.1.0',
268 silly addNameRange     '0.2.0',
268 silly addNameRange     '0.2.1',
268 silly addNameRange     '0.3.0',
268 silly addNameRange     '0.3.1',
268 silly addNameRange     '0.4.0',
268 silly addNameRange     '0.4.1',
268 silly addNameRange     '0.4.2',
268 silly addNameRange     '0.4.3',
268 silly addNameRange     '0.5.0',
268 silly addNameRange     '0.6.0',
268 silly addNameRange     '0.6.1',
268 silly addNameRange     '0.7.0',
268 silly addNameRange     '0.7.1',
268 silly addNameRange     '0.7.2',
268 silly addNameRange     '0.8.0',
268 silly addNameRange     '0.8.1',
268 silly addNameRange     '0.8.2',
268 silly addNameRange     '0.8.3',
268 silly addNameRange     '0.8.4',
268 silly addNameRange     '0.8.5',
268 silly addNameRange     '0.8.6',
268 silly addNameRange     '0.8.8',
268 silly addNameRange     '1.0.0' ] ]
269 verbose addNamed [ 'ejs', '0.8.8' ]
270 verbose addNamed [ '0.8.8', '0.8.8' ]
271 silly lockFile 37d7c450-ejs-0-8-8 ejs@0.8.8
272 verbose lock ejs@0.8.8 C:\Users\Administrator\AppData\Roaming\npm-cache\37d7c450-ejs-0-8-8.lock
273 http 200 https://registry.npmjs.org/moment
274 silly registry.get cb [ 200,
274 silly registry.get   { date: 'Mon, 03 Nov 2014 07:40:36 GMT',
274 silly registry.get     server: 'CouchDB/1.5.0 (Erlang OTP/R16B03)',
274 silly registry.get     etag: '"6YRWJ9YDA1IBKZRHVRAE03R1X"',
274 silly registry.get     'content-type': 'application/json',
274 silly registry.get     'cache-control': 'max-age=60',
274 silly registry.get     'content-length': '47668',
274 silly registry.get     'accept-ranges': 'bytes',
274 silly registry.get     via: '1.1 varnish',
274 silly registry.get     age: '29',
274 silly registry.get     'x-served-by': 'cache-ty68-TYO',
274 silly registry.get     'x-cache': 'HIT',
274 silly registry.get     'x-cache-hits': '2',
274 silly registry.get     'x-timer': 'S1415000436.731752,VS0,VE0',
274 silly registry.get     vary: 'Accept',
274 silly registry.get     'keep-alive': 'timeout=10, max=49',
274 silly registry.get     connection: 'Keep-Alive' } ]
275 silly lockFile 37d7c450-ejs-0-8-8 ejs@0.8.8
276 silly lockFile 37d7c450-ejs-0-8-8 ejs@0.8.8
277 silly lockFile d4397d1b-pmjs-org-moment-moment-2-8-3-tgz https://registry.npmjs.org/moment/-/moment-2.8.3.tgz
278 verbose lock https://registry.npmjs.org/moment/-/moment-2.8.3.tgz C:\Users\Administrator\AppData\Roaming\npm-cache\d4397d1b-pmjs-org-moment-moment-2-8-3-tgz.lock
279 silly lockFile 05610aaa-ejs-0-8-5 ejs@~0.8.5
280 silly lockFile 05610aaa-ejs-0-8-5 ejs@~0.8.5
281 verbose addRemoteTarball [ 'https://registry.npmjs.org/moment/-/moment-2.8.3.tgz',
281 verbose addRemoteTarball   'a01427bf8910f014fc4baa1b8d96f17f7e3f29a2' ]
282 info retry fetch attempt 1 at 15:40:37
283 verbose fetch to= C:\Users\ADMINI~1\AppData\Local\Temp\npm-4940-LEBcdpv6\registry.npmjs.org\moment\-\moment-2.8.3.tgz
284 http GET https://registry.npmjs.org/moment/-/moment-2.8.3.tgz
285 http 304 https://registry.npmjs.org/log4js
286 silly registry.get cb [ 304,
286 silly registry.get   { date: 'Mon, 03 Nov 2014 07:40:36 GMT',
286 silly registry.get     server: 'Apache',
286 silly registry.get     via: '1.1 varnish',
286 silly registry.get     'last-modified': 'Mon, 03 Nov 2014 07:40:37 GMT',
286 silly registry.get     'cache-control': 'max-age=60',
286 silly registry.get     etag: '"E61EZ3LVRS733VY4I1Q4YYPF4"',
286 silly registry.get     age: '0',
286 silly registry.get     'x-served-by': 'cache-ty68-TYO',
286 silly registry.get     'x-cache': 'HIT',
286 silly registry.get     'x-cache-hits': '1',
286 silly registry.get     'x-timer': 'S1415000436.977172,VS0,VE115',
286 silly registry.get     vary: 'Accept',
286 silly registry.get     'content-length': '0',
286 silly registry.get     'keep-alive': 'timeout=10, max=48',
286 silly registry.get     connection: 'Keep-Alive' } ]
287 verbose etag https://registry.npmjs.org/log4js from cache
288 silly lockFile 6c74d7c2-log4js-0-6-16 log4js@0.6.16
289 silly lockFile 6c74d7c2-log4js-0-6-16 log4js@0.6.16
290 http 200 https://registry.npmjs.org/body-parser
291 silly registry.get cb [ 200,
291 silly registry.get   { date: 'Mon, 03 Nov 2014 07:40:36 GMT',
291 silly registry.get     server: 'CouchDB/1.5.0 (Erlang OTP/R14B04)',
291 silly registry.get     etag: '"31NOWALYE5KS8CUXXM9FZZM0H"',
291 silly registry.get     'content-type': 'application/json',
291 silly registry.get     'cache-control': 'max-age=60',
291 silly registry.get     'content-length': '71579',
291 silly registry.get     'accept-ranges': 'bytes',
291 silly registry.get     via: '1.1 varnish',
291 silly registry.get     age: '34',
291 silly registry.get     'x-served-by': 'cache-ty66-TYO',
291 silly registry.get     'x-cache': 'HIT',
291 silly registry.get     'x-cache-hits': '2',
291 silly registry.get     'x-timer': 'S1415000436.325083,VS0,VE0',
291 silly registry.get     vary: 'Accept',
291 silly registry.get     'keep-alive': 'timeout=10, max=50',
291 silly registry.get     connection: 'Keep-Alive' } ]
292 silly addNameRange number 2 { name: 'body-parser',
292 silly addNameRange   range: '>=1.0.0-0 <1.1.0-0',
292 silly addNameRange   hasData: true }
293 silly addNameRange versions [ 'body-parser',
293 silly addNameRange   [ '1.0.0',
293 silly addNameRange     '1.0.1',
293 silly addNameRange     '1.0.2',
293 silly addNameRange     '1.1.0',
293 silly addNameRange     '1.1.1',
293 silly addNameRange     '1.1.2',
293 silly addNameRange     '1.2.0',
293 silly addNameRange     '1.2.1',
293 silly addNameRange     '1.2.2',
293 silly addNameRange     '1.3.0',
293 silly addNameRange     '1.3.1',
293 silly addNameRange     '1.4.0',
293 silly addNameRange     '1.4.1',
293 silly addNameRange     '1.4.2',
293 silly addNameRange     '1.4.3',
293 silly addNameRange     '1.5.0',
293 silly addNameRange     '1.5.1',
293 silly addNameRange     '1.5.2',
293 silly addNameRange     '1.6.0',
293 silly addNameRange     '1.6.1',
293 silly addNameRange     '1.6.2',
293 silly addNameRange     '1.6.3',
293 silly addNameRange     '1.6.4',
293 silly addNameRange     '1.6.5',
293 silly addNameRange     '1.6.6',
293 silly addNameRange     '1.6.7',
293 silly addNameRange     '1.7.0',
293 silly addNameRange     '1.8.0',
293 silly addNameRange     '1.8.1',
293 silly addNameRange     '1.8.2',
293 silly addNameRange     '1.8.3',
293 silly addNameRange     '1.8.4',
293 silly addNameRange     '1.9.0',
293 silly addNameRange     '1.9.1',
293 silly addNameRange     '1.9.2' ] ]
294 verbose addNamed [ 'body-parser', '1.0.2' ]
295 verbose addNamed [ '1.0.2', '1.0.2' ]
296 silly lockFile bc6ccf3b-body-parser-1-0-2 body-parser@1.0.2
297 verbose lock body-parser@1.0.2 C:\Users\Administrator\AppData\Roaming\npm-cache\bc6ccf3b-body-parser-1-0-2.lock
298 http 200 https://registry.npmjs.org/express
299 silly registry.get cb [ 200,
299 silly registry.get   { date: 'Mon, 03 Nov 2014 07:40:36 GMT',
299 silly registry.get     server: 'CouchDB/1.5.0 (Erlang OTP/R16B03)',
299 silly registry.get     etag: '"DOUSH91BUGWJ540XUW6LDMMPW"',
299 silly registry.get     'content-type': 'application/json',
299 silly registry.get     'cache-control': 'max-age=60',
299 silly registry.get     'content-length': '412368',
299 silly registry.get     'accept-ranges': 'bytes',
299 silly registry.get     via: '1.1 varnish',
299 silly registry.get     age: '50',
299 silly registry.get     'x-served-by': 'cache-ty67-TYO',
299 silly registry.get     'x-cache': 'HIT',
299 silly registry.get     'x-cache-hits': '4',
299 silly registry.get     'x-timer': 'S1415000436.206975,VS0,VE0',
299 silly registry.get     vary: 'Accept',
299 silly registry.get     'keep-alive': 'timeout=10, max=50',
299 silly registry.get     connection: 'Keep-Alive' } ]
300 http 200 https://registry.npmjs.org/connect-multiparty
301 silly registry.get cb [ 200,
301 silly registry.get   { date: 'Mon, 03 Nov 2014 07:40:36 GMT',
301 silly registry.get     server: 'CouchDB/1.5.0 (Erlang OTP/R16B03)',
301 silly registry.get     etag: '"3NDN1FV49GX7KOO7Z3FWAXC5T"',
301 silly registry.get     'content-type': 'application/json',
301 silly registry.get     'cache-control': 'max-age=60',
301 silly registry.get     'content-length': '19939',
301 silly registry.get     'accept-ranges': 'bytes',
301 silly registry.get     via: '1.1 varnish',
301 silly registry.get     age: '0',
301 silly registry.get     'x-served-by': 'cache-ty68-TYO',
301 silly registry.get     'x-cache': 'HIT',
301 silly registry.get     'x-cache-hits': '1',
301 silly registry.get     'x-timer': 'S1415000436.244208,VS0,VE186',
301 silly registry.get     vary: 'Accept',
301 silly registry.get     'keep-alive': 'timeout=10, max=50',
301 silly registry.get     connection: 'Keep-Alive' } ]
302 http 200 https://registry.npmjs.org/async
303 silly registry.get cb [ 200,
303 silly registry.get   { date: 'Mon, 03 Nov 2014 07:40:37 GMT',
303 silly registry.get     server: 'CouchDB/1.5.0 (Erlang OTP/R16B03)',
303 silly registry.get     etag: '"74DRL45NU2XKB7UQU2AZEZ7UX"',
303 silly registry.get     'content-type': 'application/json',
303 silly registry.get     'cache-control': 'max-age=60',
303 silly registry.get     'content-length': '105866',
303 silly registry.get     'accept-ranges': 'bytes',
303 silly registry.get     via: '1.1 varnish',
303 silly registry.get     age: '52',
303 silly registry.get     'x-served-by': 'cache-ty68-TYO',
303 silly registry.get     'x-cache': 'HIT',
303 silly registry.get     'x-cache-hits': '10',
303 silly registry.get     'x-timer': 'S1415000437.197950,VS0,VE0',
303 silly registry.get     vary: 'Accept',
303 silly registry.get     'keep-alive': 'timeout=10, max=47',
303 silly registry.get     connection: 'Keep-Alive' } ]
304 http 304 https://registry.npmjs.org/cookie-parser
305 silly registry.get cb [ 304,
305 silly registry.get   { date: 'Mon, 03 Nov 2014 07:40:37 GMT',
305 silly registry.get     server: 'Apache',
305 silly registry.get     via: '1.1 varnish',
305 silly registry.get     'last-modified': 'Mon, 03 Nov 2014 07:34:11 GMT',
305 silly registry.get     'cache-control': 'max-age=60',
305 silly registry.get     etag: '"D2I21Z55J0M83YHA636O1DW9K"',
305 silly registry.get     age: '11',
305 silly registry.get     'x-served-by': 'cache-ty66-TYO',
305 silly registry.get     'x-cache': 'HIT',
305 silly registry.get     'x-cache-hits': '10',
305 silly registry.get     'x-timer': 'S1415000437.394403,VS0,VE0',
305 silly registry.get     vary: 'Accept',
305 silly registry.get     'content-length': '0',
305 silly registry.get     'keep-alive': 'timeout=10, max=49',
305 silly registry.get     connection: 'Keep-Alive' } ]
306 verbose etag https://registry.npmjs.org/cookie-parser from cache
307 silly addNameRange number 2 { name: 'express', range: '>=3.4.8-0 <3.5.0-0', hasData: true }
308 silly addNameRange versions [ 'express',
308 silly addNameRange   [ '0.14.0',
308 silly addNameRange     '0.14.1',
308 silly addNameRange     '1.0.0',
308 silly addNameRange     '1.0.1',
308 silly addNameRange     '1.0.2',
308 silly addNameRange     '1.0.3',
308 silly addNameRange     '1.0.4',
308 silly addNameRange     '1.0.5',
308 silly addNameRange     '1.0.6',
308 silly addNameRange     '1.0.7',
308 silly addNameRange     '1.0.8',
308 silly addNameRange     '2.0.0',
308 silly addNameRange     '2.1.0',
308 silly addNameRange     '2.1.1',
308 silly addNameRange     '2.2.0',
308 silly addNameRange     '2.2.1',
308 silly addNameRange     '2.2.2',
308 silly addNameRange     '2.3.0',
308 silly addNameRange     '2.3.1',
308 silly addNameRange     '2.3.2',
308 silly addNameRange     '2.3.3',
308 silly addNameRange     '2.3.4',
308 silly addNameRange     '2.3.5',
308 silly addNameRange     '2.3.6',
308 silly addNameRange     '2.3.7',
308 silly addNameRange     '2.3.8',
308 silly addNameRange     '2.3.9',
308 silly addNameRange     '2.3.10',
308 silly addNameRange     '2.3.11',
308 silly addNameRange     '2.3.12',
308 silly addNameRange     '2.4.0',
308 silly addNameRange     '2.4.1',
308 silly addNameRange     '2.4.2',
308 silly addNameRange     '2.4.3',
308 silly addNameRange     '2.4.4',
308 silly addNameRange     '2.4.5',
308 silly addNameRange     '2.4.6',
308 silly addNameRange     '2.4.7',
308 silly addNameRange     '2.5.0',
308 silly addNameRange     '2.5.1',
308 silly addNameRange     '2.5.2',
308 silly addNameRange     '2.5.3',
308 silly addNameRange     '2.5.4',
308 silly addNameRange     '2.5.5',
308 silly addNameRange     '2.5.6',
308 silly addNameRange     '2.5.7',
308 silly addNameRange     '2.5.8',
308 silly addNameRange     '2.5.9',
308 silly addNameRange     '2.5.10',
308 silly addNameRange     '2.5.11',
308 silly addNameRange     '3.0.0',
308 silly addNameRange     '3.0.1',
308 silly addNameRange     '3.0.2',
308 silly addNameRange     '3.0.3',
308 silly addNameRange     '3.0.4',
308 silly addNameRange     '3.0.5',
308 silly addNameRange     '3.0.6',
308 silly addNameRange     '3.1.0',
308 silly addNameRange     '3.1.1',
308 silly addNameRange     '3.1.2',
308 silly addNameRange     '3.2.0',
308 silly addNameRange     '3.2.1',
308 silly addNameRange     '3.2.2',
308 silly addNameRange     '3.2.3',
308 silly addNameRange     '3.2.4',
308 silly addNameRange     '3.2.5',
308 silly addNameRange     '3.2.6',
308 silly addNameRange     '3.3.0',
308 silly addNameRange     '3.3.1',
308 silly addNameRange     '3.3.2',
308 silly addNameRange     '3.3.3',
308 silly addNameRange     '3.3.4',
308 silly addNameRange     '3.3.5',
308 silly addNameRange     '3.3.6',
308 silly addNameRange     '1.0.0-beta',
308 silly addNameRange     '1.0.0-beta2',
308 silly addNameRange     '1.0.0-rc',
308 silly addNameRange     '1.0.0-rc2',
308 silly addNameRange     '1.0.0-rc3',
308 silly addNameRange     '1.0.0-rc4',
308 silly addNameRange     '2.0.0-beta',
308 silly addNameRange     '2.0.0-beta2',
308 silly addNameRange     '2.0.0-beta3',
308 silly addNameRange     '2.0.0-rc',
308 silly addNameRange     '2.0.0-rc2',
308 silly addNameRange     '2.0.0-rc3',
308 silly addNameRange     '3.0.0-alpha1',
308 silly addNameRange     '3.0.0-alpha2',
308 silly addNameRange     '3.0.0-alpha3',
308 silly addNameRange     '3.0.0-alpha4',
308 silly addNameRange     '3.0.0-alpha5',
308 silly addNameRange     '3.0.0-beta1',
308 silly addNameRange     '3.0.0-beta2',
308 silly addNameRange     '3.0.0-beta3',
308 silly addNameRange     '3.0.0-beta4',
308 silly addNameRange     '3.0.0-beta6',
308 silly addNameRange     '3.0.0-beta7',
308 silly addNameRange     '3.0.0-rc1',
308 silly addNameRange     '3.0.0-rc2',
308 silly addNameRange     '3.0.0-rc3',
308 silly addNameRange     '3.0.0-rc4',
308 silly addNameRange     '3.0.0-rc5',
308 silly addNameRange     '3.3.7',
308 silly addNameRange     '3.3.8',
308 silly addNameRange     '3.4.0',
308 silly addNameRange     '3.4.1',
308 silly addNameRange     '3.4.2',
308 silly addNameRange     '3.4.3',
308 silly addNameRange     '3.4.4',
308 silly addNameRange     '3.4.5',
308 silly addNameRange     '3.4.6',
308 silly addNameRange     '3.4.7',
308 silly addNameRange     '3.4.8',
308 silly addNameRange     '4.0.0-rc1',
308 silly addNameRange     '4.0.0-rc2',
308 silly addNameRange     '3.5.0',
308 silly addNameRange     '4.0.0-rc3',
308 silly addNameRange     '4.0.0-rc4',
308 silly addNameRange     '3.5.1',
308 silly addNameRange     '4.0.0',
308 silly addNameRange     '3.5.2',
308 silly addNameRange     '4.1.0',
308 silly addNameRange     '4.1.1',
308 silly addNameRange     '3.5.3',
308 silly addNameRange     '4.1.2',
308 silly addNameRange     '3.6.0',
308 silly addNameRange     '4.2.0',
308 silly addNameRange     '3.7.0',
308 silly addNameRange     '3.8.0',
308 silly addNameRange     '4.3.0',
308 silly addNameRange     '4.3.1',
308 silly addNameRange     '3.8.1',
308 silly addNameRange     '4.3.2',
308 silly addNameRange     '3.9.0',
308 silly addNameRange     '4.4.0',
308 silly addNameRange     '4.4.1',
308 silly addNameRange     '3.10.0',
308 silly addNameRange     '3.10.1',
308 silly addNameRange     '3.10.2',
308 silly addNameRange     '3.10.3',
308 silly addNameRange     '3.10.4',
308 silly addNameRange     '4.4.2',
308 silly addNameRange     '3.10.5',
308 silly addNameRange     '4.4.3',
308 silly addNameRange     '3.11.0',
308 silly addNameRange     '4.4.4',
308 silly addNameRange     '3.12.0',
308 silly addNameRange     '3.12.1',
308 silly addNameRange     '4.4.5',
308 silly addNameRange     '3.13.0',
308 silly addNameRange     '4.5.0',
308 silly addNameRange     '4.5.1',
308 silly addNameRange     '3.14.0',
308 silly addNameRange     '4.6.0',
308 silly addNameRange     '4.6.1',
308 silly addNameRange     '3.15.0',
308 silly addNameRange     '4.7.0',
308 silly addNameRange     '3.15.1',
308 silly addNameRange     '4.7.1',
308 silly addNameRange     '3.15.2',
308 silly addNameRange     '4.7.2',
308 silly addNameRange     '4.7.3',
308 silly addNameRange     '3.15.3',
308 silly addNameRange     '4.7.4',
308 silly addNameRange     '3.16.0',
308 silly addNameRange     '4.8.0',
308 silly addNameRange     '3.16.1',
308 silly addNameRange     '4.8.1',
308 silly addNameRange     '3.16.2',
308 silly addNameRange     '4.8.2',
308 silly addNameRange     '3.16.3',
308 silly addNameRange     '3.16.4',
308 silly addNameRange     '4.8.3',
308 silly addNameRange     '3.16.5',
308 silly addNameRange     '3.16.6',
308 silly addNameRange     '4.8.4',
308 silly addNameRange     '3.16.7',
308 silly addNameRange     '4.8.5',
308 silly addNameRange     '3.16.8',
308 silly addNameRange     '4.8.6',
308 silly addNameRange     '3.16.9',
308 silly addNameRange     '4.8.7',
308 silly addNameRange     '3.16.10',
308 silly addNameRange     '4.8.8',
308 silly addNameRange     '3.17.0',
308 silly addNameRange     '3.17.1',
308 silly addNameRange     '4.9.0',
308 silly addNameRange     '3.17.2',
308 silly addNameRange     '4.9.1',
308 silly addNameRange     '4.9.2',
308 silly addNameRange     '3.17.3',
308 silly addNameRange     '4.9.3',
308 silly addNameRange     '3.17.4',
308 silly addNameRange     '4.9.4',
308 silly addNameRange     '3.17.5',
308 silly addNameRange     '4.9.5',
308 silly addNameRange     '3.17.6',
308 silly addNameRange     '3.17.7',
308 silly addNameRange     '4.9.6',
308 silly addNameRange     '4.9.7',
308 silly addNameRange     '3.17.8',
308 silly addNameRange     '4.9.8',
308 silly addNameRange     '3.18.0',
308 silly addNameRange     '3.18.1',
308 silly addNameRange     '4.10.0',
308 silly addNameRange     '3.18.2',
308 silly addNameRange     '4.10.1' ] ]
309 verbose addNamed [ 'express', '3.4.8' ]
310 verbose addNamed [ '3.4.8', '3.4.8' ]
311 silly lockFile 15cb8528-express-3-4-8 express@3.4.8
312 verbose lock express@3.4.8 C:\Users\Administrator\AppData\Roaming\npm-cache\15cb8528-express-3-4-8.lock
313 silly addNameRange number 2 { name: 'connect-multiparty',
313 silly addNameRange   range: '>=1.1.0-0 <2.0.0-0',
313 silly addNameRange   hasData: true }
314 silly addNameRange versions [ 'connect-multiparty',
314 silly addNameRange   [ '0.1.0',
314 silly addNameRange     '0.1.1',
314 silly addNameRange     '1.0.0',
314 silly addNameRange     '1.0.1',
314 silly addNameRange     '1.0.2',
314 silly addNameRange     '1.0.3',
314 silly addNameRange     '1.0.4',
314 silly addNameRange     '1.0.5',
314 silly addNameRange     '1.0.6',
314 silly addNameRange     '1.1.0',
314 silly addNameRange     '1.2.0',
314 silly addNameRange     '1.2.1',
314 silly addNameRange     '1.2.2',
314 silly addNameRange     '1.2.3',
314 silly addNameRange     '1.2.4',
314 silly addNameRange     '1.2.5' ] ]
315 verbose addNamed [ 'connect-multiparty', '1.2.5' ]
316 verbose addNamed [ '1.2.5', '1.2.5' ]
317 silly lockFile 504292ad-connect-multiparty-1-2-5 connect-multiparty@1.2.5
318 verbose lock connect-multiparty@1.2.5 C:\Users\Administrator\AppData\Roaming\npm-cache\504292ad-connect-multiparty-1-2-5.lock
319 silly addNameRange number 2 { name: 'cookie-parser',
319 silly addNameRange   range: '>=1.0.1-0 <1.1.0-0',
319 silly addNameRange   hasData: true }
320 silly addNameRange versions [ 'cookie-parser',
320 silly addNameRange   [ '1.0.0',
320 silly addNameRange     '1.0.1',
320 silly addNameRange     '1.1.0',
320 silly addNameRange     '1.2.0',
320 silly addNameRange     '1.3.0',
320 silly addNameRange     '1.3.1',
320 silly addNameRange     '1.3.2',
320 silly addNameRange     '1.3.3' ] ]
321 verbose addNamed [ 'cookie-parser', '1.0.1' ]
322 verbose addNamed [ '1.0.1', '1.0.1' ]
323 silly lockFile 8d245ba8-cookie-parser-1-0-1 cookie-parser@1.0.1
324 verbose lock cookie-parser@1.0.1 C:\Users\Administrator\AppData\Roaming\npm-cache\8d245ba8-cookie-parser-1-0-1.lock
325 silly lockFile 282f4be9--npmjs-org-async-async-0-9-0-tgz https://registry.npmjs.org/async/-/async-0.9.0.tgz
326 verbose lock https://registry.npmjs.org/async/-/async-0.9.0.tgz C:\Users\Administrator\AppData\Roaming\npm-cache\282f4be9--npmjs-org-async-async-0-9-0-tgz.lock
327 silly lockFile bc6ccf3b-body-parser-1-0-2 body-parser@1.0.2
328 silly lockFile bc6ccf3b-body-parser-1-0-2 body-parser@1.0.2
329 verbose addRemoteTarball [ 'https://registry.npmjs.org/async/-/async-0.9.0.tgz',
329 verbose addRemoteTarball   'ac3613b1da9bed1b47510bb4651b8931e47146c7' ]
330 silly lockFile 9ca6d1f0-body-parser-1-0-0 body-parser@~1.0.0
331 silly lockFile 9ca6d1f0-body-parser-1-0-0 body-parser@~1.0.0
332 http 200 https://registry.npmjs.org/ws
333 silly registry.get cb [ 200,
333 silly registry.get   { date: 'Mon, 03 Nov 2014 07:40:37 GMT',
333 silly registry.get     server: 'CouchDB/1.5.0 (Erlang OTP/R16B03)',
333 silly registry.get     etag: '"BEQP71MWEPMBLEG0M64PDNII8"',
333 silly registry.get     'content-type': 'application/json',
333 silly registry.get     'cache-control': 'max-age=60',
333 silly registry.get     'content-length': '57695',
333 silly registry.get     'accept-ranges': 'bytes',
333 silly registry.get     via: '1.1 varnish',
333 silly registry.get     age: '57',
333 silly registry.get     'x-served-by': 'cache-ty67-TYO',
333 silly registry.get     'x-cache': 'HIT',
333 silly registry.get     'x-cache-hits': '3',
333 silly registry.get     'x-timer': 'S1415000437.490233,VS0,VE0',
333 silly registry.get     vary: 'Accept',
333 silly registry.get     'keep-alive': 'timeout=10, max=49',
333 silly registry.get     connection: 'Keep-Alive' } ]
334 info retry fetch attempt 1 at 15:40:37
335 verbose fetch to= C:\Users\ADMINI~1\AppData\Local\Temp\npm-4940-LEBcdpv6\registry.npmjs.org\async\-\async-0.9.0.tgz
336 http GET https://registry.npmjs.org/async/-/async-0.9.0.tgz
337 silly lockFile 39a36d3e-istry-npmjs-org-ws-ws-0-4-32-tgz https://registry.npmjs.org/ws/-/ws-0.4.32.tgz
338 verbose lock https://registry.npmjs.org/ws/-/ws-0.4.32.tgz C:\Users\Administrator\AppData\Roaming\npm-cache\39a36d3e-istry-npmjs-org-ws-ws-0-4-32-tgz.lock
339 verbose addRemoteTarball [ 'https://registry.npmjs.org/ws/-/ws-0.4.32.tgz',
339 verbose addRemoteTarball   '787a6154414f3c99ed83c5772153b20feb0cec32' ]
340 info retry fetch attempt 1 at 15:40:37
341 verbose fetch to= C:\Users\ADMINI~1\AppData\Local\Temp\npm-4940-LEBcdpv6\registry.npmjs.org\ws\-\ws-0.4.32.tgz
342 http GET https://registry.npmjs.org/ws/-/ws-0.4.32.tgz
343 silly lockFile 15cb8528-express-3-4-8 express@3.4.8
344 silly lockFile 15cb8528-express-3-4-8 express@3.4.8
345 silly lockFile 655fa913-express-3-4-8 express@~3.4.8
346 silly lockFile 655fa913-express-3-4-8 express@~3.4.8
347 silly lockFile 504292ad-connect-multiparty-1-2-5 connect-multiparty@1.2.5
348 silly lockFile 504292ad-connect-multiparty-1-2-5 connect-multiparty@1.2.5
349 silly lockFile 591d2b14-connect-multiparty-1-1-0 connect-multiparty@^1.1.0
350 silly lockFile 591d2b14-connect-multiparty-1-1-0 connect-multiparty@^1.1.0
351 silly lockFile 8d245ba8-cookie-parser-1-0-1 cookie-parser@1.0.1
352 silly lockFile 8d245ba8-cookie-parser-1-0-1 cookie-parser@1.0.1
353 silly lockFile 8e5bf42e-cookie-parser-1-0-1 cookie-parser@~1.0.1
354 silly lockFile 8e5bf42e-cookie-parser-1-0-1 cookie-parser@~1.0.1
355 http 304 https://registry.npmjs.org/static-favicon
356 silly registry.get cb [ 304,
356 silly registry.get   { date: 'Mon, 03 Nov 2014 07:40:36 GMT',
356 silly registry.get     server: 'Apache',
356 silly registry.get     via: '1.1 varnish',
356 silly registry.get     'last-modified': 'Mon, 03 Nov 2014 07:40:37 GMT',
356 silly registry.get     'cache-control': 'max-age=60',
356 silly registry.get     etag: '"E28TG3I7VV6QKUTJCOE3Z14V2"',
356 silly registry.get     age: '0',
356 silly registry.get     'x-served-by': 'cache-ty67-TYO',
356 silly registry.get     'x-cache': 'HIT',
356 silly registry.get     'x-cache-hits': '1',
356 silly registry.get     'x-timer': 'S1415000436.929325,VS0,VE750',
356 silly registry.get     vary: 'Accept',
356 silly registry.get     'content-length': '0',
356 silly registry.get     'keep-alive': 'timeout=10, max=48',
356 silly registry.get     connection: 'Keep-Alive' } ]
357 verbose etag https://registry.npmjs.org/static-favicon from cache
358 silly addNameRange number 2 { name: 'static-favicon',
358 silly addNameRange   range: '>=1.0.0-0 <1.1.0-0',
358 silly addNameRange   hasData: true }
359 silly addNameRange versions [ 'static-favicon',
359 silly addNameRange   [ '1.0.0', '1.0.1', '1.0.2', '2.0.0-alpha' ] ]
360 verbose addNamed [ 'static-favicon', '1.0.2' ]
361 verbose addNamed [ '1.0.2', '1.0.2' ]
362 silly lockFile d92031be-static-favicon-1-0-2 static-favicon@1.0.2
363 verbose lock static-favicon@1.0.2 C:\Users\Administrator\AppData\Roaming\npm-cache\d92031be-static-favicon-1-0-2.lock
364 warn deprecated static-favicon@1.0.2: use serve-favicon module
365 silly lockFile d92031be-static-favicon-1-0-2 static-favicon@1.0.2
366 silly lockFile d92031be-static-favicon-1-0-2 static-favicon@1.0.2
367 silly lockFile 934b2baf-static-favicon-1-0-0 static-favicon@~1.0.0
368 silly lockFile 934b2baf-static-favicon-1-0-0 static-favicon@~1.0.0
369 http 200 https://registry.npmjs.org/moment/-/moment-2.8.3.tgz
370 http 200 https://registry.npmjs.org/mysql/-/mysql-2.3.2.tgz
371 http 200 https://registry.npmjs.org/ws/-/ws-0.4.32.tgz
372 silly lockFile 39a36d3e-istry-npmjs-org-ws-ws-0-4-32-tgz https://registry.npmjs.org/ws/-/ws-0.4.32.tgz
373 silly lockFile 39a36d3e-istry-npmjs-org-ws-ws-0-4-32-tgz https://registry.npmjs.org/ws/-/ws-0.4.32.tgz
374 silly lockFile d580c141-ws-0-4-32 ws@0.4.32
375 silly lockFile d580c141-ws-0-4-32 ws@0.4.32
376 http 200 https://registry.npmjs.org/debug
377 silly registry.get cb [ 200,
377 silly registry.get   { date: 'Mon, 03 Nov 2014 07:40:37 GMT',
377 silly registry.get     server: 'CouchDB/1.5.0 (Erlang OTP/R16B03)',
377 silly registry.get     etag: '"BWMD72JWBAIND5V8QRU6MMLCL"',
377 silly registry.get     'content-type': 'application/json',
377 silly registry.get     'cache-control': 'max-age=60',
377 silly registry.get     'content-length': '28186',
377 silly registry.get     'accept-ranges': 'bytes',
377 silly registry.get     via: '1.1 varnish',
377 silly registry.get     age: '48',
377 silly registry.get     'x-served-by': 'cache-ty68-TYO',
377 silly registry.get     'x-cache': 'HIT',
377 silly registry.get     'x-cache-hits': '29',
377 silly registry.get     'x-timer': 'S1415000437.498993,VS0,VE0',
377 silly registry.get     vary: 'Accept',
377 silly registry.get     'keep-alive': 'timeout=10, max=49',
377 silly registry.get     connection: 'Keep-Alive' } ]
378 silly addNameRange number 2 { name: 'debug', range: '>=0.7.4-0 <0.8.0-0', hasData: true }
379 silly addNameRange versions [ 'debug',
379 silly addNameRange   [ '0.0.1',
379 silly addNameRange     '0.1.0',
379 silly addNameRange     '0.2.0',
379 silly addNameRange     '0.3.0',
379 silly addNameRange     '0.4.0',
379 silly addNameRange     '0.4.1',
379 silly addNameRange     '0.5.0',
379 silly addNameRange     '0.6.0',
379 silly addNameRange     '0.7.0',
379 silly addNameRange     '0.7.1',
379 silly addNameRange     '0.7.2',
379 silly addNameRange     '0.7.3',
379 silly addNameRange     '0.7.4',
379 silly addNameRange     '0.8.0',
379 silly addNameRange     '0.8.1',
379 silly addNameRange     '1.0.0',
379 silly addNameRange     '1.0.1',
379 silly addNameRange     '1.0.2',
379 silly addNameRange     '1.0.3',
379 silly addNameRange     '1.0.4',
379 silly addNameRange     '2.0.0',
379 silly addNameRange     '2.1.0' ] ]
380 verbose addNamed [ 'debug', '0.7.4' ]
381 verbose addNamed [ '0.7.4', '0.7.4' ]
382 silly lockFile 16160008-debug-0-7-4 debug@0.7.4
383 verbose lock debug@0.7.4 C:\Users\Administrator\AppData\Roaming\npm-cache\16160008-debug-0-7-4.lock
384 http 200 https://registry.npmjs.org/async/-/async-0.9.0.tgz
385 silly lockFile 16160008-debug-0-7-4 debug@0.7.4
386 silly lockFile 16160008-debug-0-7-4 debug@0.7.4
387 silly lockFile cf1a6986-debug-0-7-4 debug@~0.7.4
388 silly lockFile cf1a6986-debug-0-7-4 debug@~0.7.4
389 silly lockFile 28bfd4e8--npmjs-org-mysql-mysql-2-3-2-tgz https://registry.npmjs.org/mysql/-/mysql-2.3.2.tgz
390 silly lockFile 28bfd4e8--npmjs-org-mysql-mysql-2-3-2-tgz https://registry.npmjs.org/mysql/-/mysql-2.3.2.tgz
391 silly lockFile 673a7be5-mysql-2-3-2 mysql@2.3.2
392 silly lockFile 673a7be5-mysql-2-3-2 mysql@2.3.2
393 silly lockFile 282f4be9--npmjs-org-async-async-0-9-0-tgz https://registry.npmjs.org/async/-/async-0.9.0.tgz
394 silly lockFile 282f4be9--npmjs-org-async-async-0-9-0-tgz https://registry.npmjs.org/async/-/async-0.9.0.tgz
395 silly lockFile 9a58a886-async-0-9-0 async@0.9.0
396 silly lockFile 9a58a886-async-0-9-0 async@0.9.0
397 silly lockFile d4397d1b-pmjs-org-moment-moment-2-8-3-tgz https://registry.npmjs.org/moment/-/moment-2.8.3.tgz
398 silly lockFile d4397d1b-pmjs-org-moment-moment-2-8-3-tgz https://registry.npmjs.org/moment/-/moment-2.8.3.tgz
399 silly lockFile 707ecd2d-moment-2-8-3 moment@2.8.3
400 silly lockFile 707ecd2d-moment-2-8-3 moment@2.8.3
401 error Error: shasum check failed for C:\Users\ADMINI~1\AppData\Local\Temp\npm-4940-LEBcdpv6\registry.npmjs.org\moment\-\moment-2.8.3.tgz
401 error Expected: a01427bf8910f014fc4baa1b8d96f17f7e3f29a2
401 error Actual:   b8d6967f050fa86820797c0c436a97117aa62828
401 error From:     https://registry.npmjs.org/moment/-/moment-2.8.3.tgz
401 error     at D:\Program Files (x86)\nodejs\node_modules\npm\node_modules\sha\index.js:38:8
401 error     at ReadStream.<anonymous> (D:\Program Files (x86)\nodejs\node_modules\npm\node_modules\sha\index.js:85:7)
401 error     at ReadStream.emit (events.js:117:20)
401 error     at _stream_readable.js:943:16
401 error     at process._tickCallback (node.js:419:13)
402 error If you need help, you may report this *entire* log,
402 error including the npm and node versions, at:
402 error     <http://github.com/npm/npm/issues>
403 error System Windows_NT 6.1.7601
404 error command "D:\\Program Files (x86)\\nodejs\\\\node.exe" "D:\\Program Files (x86)\\nodejs\\node_modules\\npm\\bin\\npm-cli.js" "install"
405 error cwd D:\codes\influxGit\InfluxMultimediaPlatformRepository\trunk\MyWorks\HttpServer
406 error node -v v0.10.32
407 error npm -v 1.4.28
408 verbose exit [ 1, true ]
